==================== fold: 0, seed: 0 training ====================
labels: [11  6  2  2  4]
pred_labels: [3 0 0 2 3]
Epoch 1 - avg_train_loss: 2.5974  lr: 1.0000e-03  time: 62s
Epoch 1 - Score: 0.1374
Epoch 1 - Save Best Score: 0.1374 Model
labels: [11  6  2  2  4]
pred_labels: [2 0 5 2 6]
Epoch 2 - avg_train_loss: 2.3480  lr: 9.9598e-04  time: 62s
Epoch 2 - Score: 0.3206
Epoch 2 - Save Best Score: 0.3206 Model
labels: [11  6  2  2  4]
pred_labels: [2 5 5 2 3]
Epoch 3 - avg_train_loss: 2.1512  lr: 9.8599e-04  time: 62s
Epoch 3 - Score: 0.3206
labels: [11  6  2  2  4]
pred_labels: [12  6  2 11  3]
Epoch 4 - avg_train_loss: 1.9226  lr: 9.7213e-04  time: 61s
Epoch 4 - Score: 0.4198
Epoch 4 - Save Best Score: 0.4198 Model
labels: [11  6  2  2  4]
pred_labels: [12  6  5 11  4]
Epoch 5 - avg_train_loss: 1.8117  lr: 9.5449e-04  time: 62s
Epoch 5 - Score: 0.5496
Epoch 5 - Save Best Score: 0.5496 Model
labels: [11  6  2  2  4]
pred_labels: [12  6  2  6  4]
Epoch 6 - avg_train_loss: 1.4570  lr: 9.3324e-04  time: 62s
Epoch 6 - Score: 0.5115
labels: [11  6  2  2  4]
pred_labels: [12 11  2  6  4]
Epoch 7 - avg_train_loss: 1.4145  lr: 9.0853e-04  time: 62s
Epoch 7 - Score: 0.5649
Epoch 7 - Save Best Score: 0.5649 Model
labels: [11  6  2  2  4]
pred_labels: [12 12  5  5  2]
Epoch 8 - avg_train_loss: 1.3689  lr: 8.8057e-04  time: 61s
Epoch 8 - Score: 0.5344
labels: [11  6  2  2  4]
pred_labels: [12 12  5  0  3]
Epoch 9 - avg_train_loss: 1.2158  lr: 8.4958e-04  time: 61s
Epoch 9 - Score: 0.4962
labels: [11  6  2  2  4]
pred_labels: [11  4  5  2  2]
Epoch 10 - avg_train_loss: 1.0819  lr: 8.1581e-04  time: 62s
Epoch 10 - Score: 0.5344
labels: [11  6  2  2  4]
pred_labels: [11 12  5  2  3]
Epoch 11 - avg_train_loss: 0.9807  lr: 7.7953e-04  time: 61s
Epoch 11 - Score: 0.5038
labels: [11  6  2  2  4]
pred_labels: [11 12  5  4  0]
Epoch 12 - avg_train_loss: 0.9423  lr: 7.4103e-04  time: 61s
Epoch 12 - Score: 0.5344
labels: [11  6  2  2  4]
pred_labels: [11  2  5  4  3]
Epoch 13 - avg_train_loss: 0.9989  lr: 7.0063e-04  time: 61s
Epoch 13 - Score: 0.5267
labels: [11  6  2  2  4]
pred_labels: [11  1  5  2  3]
Epoch 14 - avg_train_loss: 0.9251  lr: 6.5865e-04  time: 62s
Epoch 14 - Score: 0.5573
labels: [11  6  2  2  4]
pred_labels: [11  2  5  4  4]
Epoch 15 - avg_train_loss: 0.8818  lr: 6.1542e-04  time: 61s
Epoch 15 - Score: 0.5573
labels: [11  6  2  2  4]
pred_labels: [11  2  5  4  4]
Epoch 16 - avg_train_loss: 0.7798  lr: 5.7130e-04  time: 61s
Epoch 16 - Score: 0.5115
labels: [11  6  2  2  4]
pred_labels: [11  2  5  4  3]
Epoch 17 - avg_train_loss: 0.9654  lr: 5.2663e-04  time: 61s
Epoch 17 - Score: 0.4809
labels: [11  6  2  2  4]
pred_labels: [11  2  5  4  2]
Epoch 18 - avg_train_loss: 0.9045  lr: 4.8179e-04  time: 61s
Epoch 18 - Score: 0.5267
labels: [11  6  2  2  4]
pred_labels: [11  2  5  4  9]
Epoch 19 - avg_train_loss: 0.7494  lr: 4.3712e-04  time: 61s
Epoch 19 - Score: 0.5649
labels: [11  6  2  2  4]
pred_labels: [11  2  5  4  0]
Epoch 20 - avg_train_loss: 0.8108  lr: 3.9299e-04  time: 61s
Epoch 20 - Score: 0.5573
labels: [11  6  2  2  4]
pred_labels: [11  2  5  4  4]
Epoch 21 - avg_train_loss: 0.8235  lr: 3.4975e-04  time: 61s
Epoch 21 - Score: 0.4962
labels: [11  6  2  2  4]
pred_labels: [12  2  5  4  2]
Epoch 22 - avg_train_loss: 0.7156  lr: 3.0775e-04  time: 61s
Epoch 22 - Score: 0.5267
labels: [11  6  2  2  4]
pred_labels: [12  2  5  4  2]
Epoch 23 - avg_train_loss: 0.5944  lr: 2.6732e-04  time: 61s
Epoch 23 - Score: 0.5267
labels: [11  6  2  2  4]
pred_labels: [11  2  5  4  2]
Epoch 24 - avg_train_loss: 0.5667  lr: 2.2880e-04  time: 61s
Epoch 24 - Score: 0.5191
labels: [11  6  2  2  4]
pred_labels: [11  2  5  4  3]
Epoch 25 - avg_train_loss: 0.6294  lr: 1.9248e-04  time: 61s
Epoch 25 - Score: 0.5420
labels: [11  6  2  2  4]
pred_labels: [11  2  5  4  3]
Epoch 26 - avg_train_loss: 0.7343  lr: 1.5867e-04  time: 61s
Epoch 26 - Score: 0.5191
labels: [11  6  2  2  4]
pred_labels: [11  2  5  4  2]
Epoch 27 - avg_train_loss: 0.7470  lr: 1.2762e-04  time: 61s
Epoch 27 - Score: 0.5496
labels: [11  6  2  2  4]
pred_labels: [11  2  5  4  4]
Epoch 28 - avg_train_loss: 0.6302  lr: 9.9584e-05  time: 61s
Epoch 28 - Score: 0.5496
labels: [11  6  2  2  4]
pred_labels: [11  2  5  4  4]
Epoch 29 - avg_train_loss: 0.6976  lr: 7.4783e-05  time: 61s
Epoch 29 - Score: 0.5496
labels: [11  6  2  2  4]
pred_labels: [11  2  5  4  3]
Epoch 30 - avg_train_loss: 0.7306  lr: 5.3404e-05  time: 61s
Epoch 30 - Score: 0.5573
labels: [11  6  2  2  4]
pred_labels: [11  2  5  4  3]
Epoch 31 - avg_train_loss: 0.0621  lr: 3.5607e-05  time: 61s
Epoch 31 - Score: 0.5573
labels: [11  6  2  2  4]
pred_labels: [11  2  5  4  3]
Epoch 32 - avg_train_loss: 0.0628  lr: 2.1508e-05  time: 61s
Epoch 32 - Score: 0.5496
labels: [11  6  2  2  4]
pred_labels: [11  2  5  4  2]
Epoch 33 - avg_train_loss: 0.0499  lr: 1.1173e-05  time: 61s
Epoch 33 - Score: 0.5573
labels: [11  6  2  2  4]
pred_labels: [11  2  5  4  3]
Epoch 34 - avg_train_loss: 0.0443  lr: 4.5796e-06  time: 61s
Epoch 34 - Score: 0.5573
labels: [11  6  2  2  4]
pred_labels: [11  2  5  4  3]
Epoch 35 - avg_train_loss: 0.0364  lr: 1.5037e-06  time: 61s
Epoch 35 - Score: 0.5420
==================== fold: 1, seed: 0 training ====================
labels: [4 0 3 6 0]
pred_labels: [0 2 2 3 1]
Epoch 1 - avg_train_loss: 2.5729  lr: 1.0000e-03  time: 62s
Epoch 1 - Score: 0.2595
Epoch 1 - Save Best Score: 0.2595 Model
labels: [4 0 3 6 0]
pred_labels: [0 2 2 7 0]
Epoch 2 - avg_train_loss: 2.3596  lr: 9.9598e-04  time: 62s
Epoch 2 - Score: 0.3664
Epoch 2 - Save Best Score: 0.3664 Model
labels: [4 0 3 6 0]
pred_labels: [0 2 2 1 0]
Epoch 3 - avg_train_loss: 2.1194  lr: 9.8599e-04  time: 62s
Epoch 3 - Score: 0.4351
Epoch 3 - Save Best Score: 0.4351 Model
labels: [4 0 3 6 0]
pred_labels: [0 2 3 5 0]
Epoch 4 - avg_train_loss: 1.9124  lr: 9.7213e-04  time: 62s
Epoch 4 - Score: 0.4580
Epoch 4 - Save Best Score: 0.4580 Model
labels: [4 0 3 6 0]
pred_labels: [4 2 3 7 0]
Epoch 5 - avg_train_loss: 1.7097  lr: 9.5449e-04  time: 62s
Epoch 5 - Score: 0.5115
Epoch 5 - Save Best Score: 0.5115 Model
labels: [4 0 3 6 0]
pred_labels: [4 0 3 5 1]
Epoch 6 - avg_train_loss: 1.5117  lr: 9.3324e-04  time: 62s
Epoch 6 - Score: 0.5496
Epoch 6 - Save Best Score: 0.5496 Model
labels: [4 0 3 6 0]
pred_labels: [4 0 3 5 0]
Epoch 7 - avg_train_loss: 1.5500  lr: 9.0853e-04  time: 62s
Epoch 7 - Score: 0.5878
Epoch 7 - Save Best Score: 0.5878 Model
labels: [4 0 3 6 0]
pred_labels: [4 0 3 5 1]
Epoch 8 - avg_train_loss: 1.3881  lr: 8.8057e-04  time: 62s
Epoch 8 - Score: 0.5267
labels: [4 0 3 6 0]
pred_labels: [4 0 3 5 1]
Epoch 9 - avg_train_loss: 1.2887  lr: 8.4958e-04  time: 62s
Epoch 9 - Score: 0.5802
labels: [4 0 3 6 0]
pred_labels: [4 0 3 5 6]
Epoch 10 - avg_train_loss: 1.1514  lr: 8.1581e-04  time: 62s
Epoch 10 - Score: 0.5802
labels: [4 0 3 6 0]
pred_labels: [4 0 3 9 5]
Epoch 11 - avg_train_loss: 1.1005  lr: 7.7953e-04  time: 62s
Epoch 11 - Score: 0.6336
Epoch 11 - Save Best Score: 0.6336 Model
labels: [4 0 3 6 0]
pred_labels: [4 0 3 6 0]
Epoch 12 - avg_train_loss: 0.9798  lr: 7.4103e-04  time: 62s
Epoch 12 - Score: 0.5496
labels: [4 0 3 6 0]
pred_labels: [4 0 3 5 0]
Epoch 13 - avg_train_loss: 0.9170  lr: 7.0063e-04  time: 62s
Epoch 13 - Score: 0.5573
labels: [4 0 3 6 0]
pred_labels: [4 0 3 6 0]
Epoch 14 - avg_train_loss: 0.8526  lr: 6.5865e-04  time: 62s
Epoch 14 - Score: 0.5649
labels: [4 0 3 6 0]
pred_labels: [ 4  0 11  6  0]
Epoch 15 - avg_train_loss: 0.8536  lr: 6.1542e-04  time: 62s
Epoch 15 - Score: 0.6412
Epoch 15 - Save Best Score: 0.6412 Model
labels: [4 0 3 6 0]
pred_labels: [4 0 3 2 4]
Epoch 16 - avg_train_loss: 0.9717  lr: 5.7130e-04  time: 62s
Epoch 16 - Score: 0.5496
labels: [4 0 3 6 0]
pred_labels: [4 0 3 6 4]
Epoch 17 - avg_train_loss: 0.8038  lr: 5.2663e-04  time: 61s
Epoch 17 - Score: 0.6107
labels: [4 0 3 6 0]
pred_labels: [4 0 3 6 0]
Epoch 18 - avg_train_loss: 0.7832  lr: 4.8179e-04  time: 62s
Epoch 18 - Score: 0.6565
Epoch 18 - Save Best Score: 0.6565 Model
labels: [4 0 3 6 0]
pred_labels: [4 0 3 2 0]
Epoch 19 - avg_train_loss: 0.7970  lr: 4.3712e-04  time: 62s
Epoch 19 - Score: 0.6183
labels: [4 0 3 6 0]
pred_labels: [4 0 3 6 4]
Epoch 20 - avg_train_loss: 0.6261  lr: 3.9299e-04  time: 61s
Epoch 20 - Score: 0.6565
labels: [4 0 3 6 0]
pred_labels: [4 0 3 3 4]
Epoch 21 - avg_train_loss: 0.7361  lr: 3.4975e-04  time: 61s
Epoch 21 - Score: 0.6260
labels: [4 0 3 6 0]
pred_labels: [4 0 3 5 2]
Epoch 22 - avg_train_loss: 0.7248  lr: 3.0775e-04  time: 62s
Epoch 22 - Score: 0.6031
labels: [4 0 3 6 0]
pred_labels: [4 0 3 5 9]
Epoch 23 - avg_train_loss: 0.5807  lr: 2.6732e-04  time: 61s
Epoch 23 - Score: 0.6031
labels: [4 0 3 6 0]
pred_labels: [4 0 3 5 2]
Epoch 24 - avg_train_loss: 0.6605  lr: 2.2880e-04  time: 61s
Epoch 24 - Score: 0.5802
labels: [4 0 3 6 0]
pred_labels: [4 0 3 5 2]
Epoch 25 - avg_train_loss: 0.6840  lr: 1.9248e-04  time: 62s
Epoch 25 - Score: 0.5802
labels: [4 0 3 6 0]
pred_labels: [4 0 3 5 2]
Epoch 26 - avg_train_loss: 0.6080  lr: 1.5867e-04  time: 61s
Epoch 26 - Score: 0.5802
labels: [4 0 3 6 0]
pred_labels: [4 0 3 6 2]
Epoch 27 - avg_train_loss: 0.7336  lr: 1.2762e-04  time: 61s
Epoch 27 - Score: 0.6107
labels: [4 0 3 6 0]
pred_labels: [4 0 3 5 2]
Epoch 28 - avg_train_loss: 0.8894  lr: 9.9584e-05  time: 61s
Epoch 28 - Score: 0.6031
labels: [4 0 3 6 0]
pred_labels: [4 0 3 5 2]
Epoch 29 - avg_train_loss: 0.7672  lr: 7.4783e-05  time: 61s
Epoch 29 - Score: 0.6183
labels: [4 0 3 6 0]
pred_labels: [4 0 3 5 2]
Epoch 30 - avg_train_loss: 0.5175  lr: 5.3404e-05  time: 61s
Epoch 30 - Score: 0.6336
labels: [4 0 3 6 0]
pred_labels: [4 0 3 5 2]
Epoch 31 - avg_train_loss: 0.0712  lr: 3.5607e-05  time: 61s
Epoch 31 - Score: 0.6107
labels: [4 0 3 6 0]
pred_labels: [4 0 3 5 2]
Epoch 32 - avg_train_loss: 0.0466  lr: 2.1508e-05  time: 61s
Epoch 32 - Score: 0.6260
labels: [4 0 3 6 0]
pred_labels: [4 0 3 5 2]
Epoch 33 - avg_train_loss: 0.0482  lr: 1.1173e-05  time: 61s
Epoch 33 - Score: 0.6183
labels: [4 0 3 6 0]
pred_labels: [4 0 3 5 2]
Epoch 34 - avg_train_loss: 0.0465  lr: 4.5796e-06  time: 61s
Epoch 34 - Score: 0.6183
labels: [4 0 3 6 0]
pred_labels: [4 0 3 5 2]
Epoch 35 - avg_train_loss: 0.0409  lr: 1.5037e-06  time: 61s
Epoch 35 - Score: 0.6183
==================== fold: 2, seed: 0 training ====================
labels: [ 5 12  2 11  8]
pred_labels: [9 2 2 9 7]
Epoch 1 - avg_train_loss: 2.5955  lr: 1.0000e-03  time: 62s
Epoch 1 - Score: 0.1985
Epoch 1 - Save Best Score: 0.1985 Model
labels: [ 5 12  2 11  8]
pred_labels: [6 2 9 9 8]
Epoch 2 - avg_train_loss: 2.3660  lr: 9.9598e-04  time: 62s
Epoch 2 - Score: 0.3130
Epoch 2 - Save Best Score: 0.3130 Model
labels: [ 5 12  2 11  8]
pred_labels: [ 6  9  9 11  8]
Epoch 3 - avg_train_loss: 2.1870  lr: 9.8599e-04  time: 62s
Epoch 3 - Score: 0.4275
Epoch 3 - Save Best Score: 0.4275 Model
labels: [ 5 12  2 11  8]
pred_labels: [6 9 0 8 8]
Epoch 4 - avg_train_loss: 2.0050  lr: 9.7213e-04  time: 62s
Epoch 4 - Score: 0.4962
Epoch 4 - Save Best Score: 0.4962 Model
labels: [ 5 12  2 11  8]
pred_labels: [ 5 12  2 11  8]
Epoch 5 - avg_train_loss: 1.7366  lr: 9.5449e-04  time: 62s
Epoch 5 - Score: 0.5802
Epoch 5 - Save Best Score: 0.5802 Model
labels: [ 5 12  2 11  8]
pred_labels: [ 5 12  2 11  8]
Epoch 6 - avg_train_loss: 1.5619  lr: 9.3324e-04  time: 62s
Epoch 6 - Score: 0.6031
Epoch 6 - Save Best Score: 0.6031 Model
labels: [ 5 12  2 11  8]
pred_labels: [ 5 12  2 11  8]
Epoch 7 - avg_train_loss: 1.4275  lr: 9.0853e-04  time: 62s
Epoch 7 - Score: 0.6183
Epoch 7 - Save Best Score: 0.6183 Model
labels: [ 5 12  2 11  8]
pred_labels: [ 5 12  2 11  8]
Epoch 8 - avg_train_loss: 1.4191  lr: 8.8057e-04  time: 62s
Epoch 8 - Score: 0.6031
labels: [ 5 12  2 11  8]
pred_labels: [ 5 12  2 11  8]
Epoch 9 - avg_train_loss: 1.2004  lr: 8.4958e-04  time: 62s
Epoch 9 - Score: 0.6260
Epoch 9 - Save Best Score: 0.6260 Model
labels: [ 5 12  2 11  8]
pred_labels: [ 5 12  2 11  8]
Epoch 10 - avg_train_loss: 1.1471  lr: 8.1581e-04  time: 62s
Epoch 10 - Score: 0.5802
labels: [ 5 12  2 11  8]
pred_labels: [ 5 12  2 11  8]
Epoch 11 - avg_train_loss: 0.9804  lr: 7.7953e-04  time: 62s
Epoch 11 - Score: 0.6336
Epoch 11 - Save Best Score: 0.6336 Model
labels: [ 5 12  2 11  8]
pred_labels: [ 5 12  2 11  8]
Epoch 12 - avg_train_loss: 0.9134  lr: 7.4103e-04  time: 62s
Epoch 12 - Score: 0.6565
Epoch 12 - Save Best Score: 0.6565 Model
labels: [ 5 12  2 11  8]
pred_labels: [ 5 12  2 11  8]
Epoch 13 - avg_train_loss: 0.8906  lr: 7.0063e-04  time: 62s
Epoch 13 - Score: 0.6031
labels: [ 5 12  2 11  8]
pred_labels: [ 5 12  2 11  8]
Epoch 14 - avg_train_loss: 1.0085  lr: 6.5865e-04  time: 62s
Epoch 14 - Score: 0.6183
labels: [ 5 12  2 11  8]
pred_labels: [ 5 12  2 11  8]
Epoch 15 - avg_train_loss: 0.7239  lr: 6.1542e-04  time: 61s
Epoch 15 - Score: 0.5573
labels: [ 5 12  2 11  8]
pred_labels: [ 5 12  2 11  8]
Epoch 16 - avg_train_loss: 0.8784  lr: 5.7130e-04  time: 61s
Epoch 16 - Score: 0.6565
labels: [ 5 12  2 11  8]
pred_labels: [ 5 12  2 11  8]
Epoch 17 - avg_train_loss: 0.9638  lr: 5.2663e-04  time: 61s
Epoch 17 - Score: 0.6107
labels: [ 5 12  2 11  8]
pred_labels: [ 5 12  2 11  8]
Epoch 18 - avg_train_loss: 1.0016  lr: 4.8179e-04  time: 61s
Epoch 18 - Score: 0.6718
Epoch 18 - Save Best Score: 0.6718 Model
labels: [ 5 12  2 11  8]
pred_labels: [ 5 12  2 11  8]
Epoch 19 - avg_train_loss: 0.7774  lr: 4.3712e-04  time: 61s
Epoch 19 - Score: 0.6107
labels: [ 5 12  2 11  8]
pred_labels: [ 5 12  2 11  8]
Epoch 20 - avg_train_loss: 0.7817  lr: 3.9299e-04  time: 61s
Epoch 20 - Score: 0.6260
labels: [ 5 12  2 11  8]
pred_labels: [ 5 12  2 11  8]
Epoch 21 - avg_train_loss: 0.7228  lr: 3.4975e-04  time: 61s
Epoch 21 - Score: 0.6412
labels: [ 5 12  2 11  8]
pred_labels: [ 5 12  2 11  8]
Epoch 22 - avg_train_loss: 0.8123  lr: 3.0775e-04  time: 61s
Epoch 22 - Score: 0.6031
labels: [ 5 12  2 11  8]
pred_labels: [ 5 12  2 11  8]
Epoch 23 - avg_train_loss: 0.6706  lr: 2.6732e-04  time: 61s
Epoch 23 - Score: 0.5878
labels: [ 5 12  2 11  8]
pred_labels: [ 5 12  2 11  8]
Epoch 24 - avg_train_loss: 0.6373  lr: 2.2880e-04  time: 61s
Epoch 24 - Score: 0.6183
labels: [ 5 12  2 11  8]
pred_labels: [ 2 12  2 11  8]
Epoch 25 - avg_train_loss: 0.7190  lr: 1.9248e-04  time: 61s
Epoch 25 - Score: 0.6412
labels: [ 5 12  2 11  8]
pred_labels: [ 5 12  2 11  8]
Epoch 26 - avg_train_loss: 0.5422  lr: 1.5867e-04  time: 61s
Epoch 26 - Score: 0.6336
labels: [ 5 12  2 11  8]
pred_labels: [ 5 12  2 11  8]
Epoch 27 - avg_train_loss: 0.6984  lr: 1.2762e-04  time: 61s
Epoch 27 - Score: 0.6336
labels: [ 5 12  2 11  8]
pred_labels: [ 5 12  2 11  8]
Epoch 28 - avg_train_loss: 0.7243  lr: 9.9584e-05  time: 61s
Epoch 28 - Score: 0.6489
labels: [ 5 12  2 11  8]
pred_labels: [ 5 12  2 11  8]
Epoch 29 - avg_train_loss: 0.6331  lr: 7.4783e-05  time: 61s
Epoch 29 - Score: 0.6260
labels: [ 5 12  2 11  8]
pred_labels: [ 5 12  2 11  8]
Epoch 30 - avg_train_loss: 0.6967  lr: 5.3404e-05  time: 61s
Epoch 30 - Score: 0.6336
labels: [ 5 12  2 11  8]
pred_labels: [ 5 12  2 11  8]
Epoch 31 - avg_train_loss: 0.0681  lr: 3.5607e-05  time: 61s
Epoch 31 - Score: 0.6412
labels: [ 5 12  2 11  8]
pred_labels: [ 5 12  2 11  8]
Epoch 32 - avg_train_loss: 0.0591  lr: 2.1508e-05  time: 61s
Epoch 32 - Score: 0.6412
labels: [ 5 12  2 11  8]
pred_labels: [ 5 12  2 11  8]
Epoch 33 - avg_train_loss: 0.0520  lr: 1.1173e-05  time: 61s
Epoch 33 - Score: 0.6412
labels: [ 5 12  2 11  8]
pred_labels: [ 5 12  2 11  8]
Epoch 34 - avg_train_loss: 0.0518  lr: 4.5796e-06  time: 61s
Epoch 34 - Score: 0.6565
labels: [ 5 12  2 11  8]
pred_labels: [ 5 12  2 11  8]
Epoch 35 - avg_train_loss: 0.0435  lr: 1.5037e-06  time: 61s
Epoch 35 - Score: 0.6718
==================== fold: 3, seed: 0 training ====================
labels: [2 7 2 3 0]
pred_labels: [5 2 2 7 9]
Epoch 1 - avg_train_loss: 2.5146  lr: 1.0000e-03  time: 62s
Epoch 1 - Score: 0.1985
Epoch 1 - Save Best Score: 0.1985 Model
labels: [2 7 2 3 0]
pred_labels: [5 2 2 7 2]
Epoch 2 - avg_train_loss: 2.3244  lr: 9.9598e-04  time: 62s
Epoch 2 - Score: 0.3130
Epoch 2 - Save Best Score: 0.3130 Model
labels: [2 7 2 3 0]
pred_labels: [5 2 2 2 2]
Epoch 3 - avg_train_loss: 2.1631  lr: 9.8599e-04  time: 62s
Epoch 3 - Score: 0.3817
Epoch 3 - Save Best Score: 0.3817 Model
labels: [2 7 2 3 0]
pred_labels: [5 7 2 2 2]
Epoch 4 - avg_train_loss: 2.0189  lr: 9.7213e-04  time: 62s
Epoch 4 - Score: 0.4504
Epoch 4 - Save Best Score: 0.4504 Model
labels: [2 7 2 3 0]
pred_labels: [5 7 2 2 2]
Epoch 5 - avg_train_loss: 1.7451  lr: 9.5449e-04  time: 62s
Epoch 5 - Score: 0.4427
labels: [2 7 2 3 0]
pred_labels: [5 4 2 4 2]
Epoch 6 - avg_train_loss: 1.4879  lr: 9.3324e-04  time: 62s
Epoch 6 - Score: 0.5115
Epoch 6 - Save Best Score: 0.5115 Model
labels: [2 7 2 3 0]
pred_labels: [5 4 2 4 6]
Epoch 7 - avg_train_loss: 1.3576  lr: 9.0853e-04  time: 62s
Epoch 7 - Score: 0.5267
Epoch 7 - Save Best Score: 0.5267 Model
labels: [2 7 2 3 0]
pred_labels: [5 7 2 2 2]
Epoch 8 - avg_train_loss: 1.1980  lr: 8.8057e-04  time: 62s
Epoch 8 - Score: 0.5267
labels: [2 7 2 3 0]
pred_labels: [11  4  2  2  2]
Epoch 9 - avg_train_loss: 1.2637  lr: 8.4958e-04  time: 62s
Epoch 9 - Score: 0.5191
labels: [2 7 2 3 0]
pred_labels: [5 7 2 3 2]
Epoch 10 - avg_train_loss: 1.1345  lr: 8.1581e-04  time: 62s
Epoch 10 - Score: 0.5115
labels: [2 7 2 3 0]
pred_labels: [5 4 2 2 1]
Epoch 11 - avg_train_loss: 1.0599  lr: 7.7953e-04  time: 62s
Epoch 11 - Score: 0.5496
Epoch 11 - Save Best Score: 0.5496 Model
labels: [2 7 2 3 0]
pred_labels: [5 4 2 2 2]
Epoch 12 - avg_train_loss: 0.9126  lr: 7.4103e-04  time: 62s
Epoch 12 - Score: 0.5267
labels: [2 7 2 3 0]
pred_labels: [5 3 2 4 2]
Epoch 13 - avg_train_loss: 1.0446  lr: 7.0063e-04  time: 62s
Epoch 13 - Score: 0.5725
Epoch 13 - Save Best Score: 0.5725 Model
labels: [2 7 2 3 0]
pred_labels: [5 4 2 2 2]
Epoch 14 - avg_train_loss: 0.8946  lr: 6.5865e-04  time: 62s
Epoch 14 - Score: 0.5725
labels: [2 7 2 3 0]
pred_labels: [5 4 2 4 2]
Epoch 15 - avg_train_loss: 0.7871  lr: 6.1542e-04  time: 62s
Epoch 15 - Score: 0.5420
labels: [2 7 2 3 0]
pred_labels: [5 4 2 4 2]
Epoch 16 - avg_train_loss: 0.7863  lr: 5.7130e-04  time: 62s
Epoch 16 - Score: 0.5420
labels: [2 7 2 3 0]
pred_labels: [9 4 2 4 2]
Epoch 17 - avg_train_loss: 0.7578  lr: 5.2663e-04  time: 62s
Epoch 17 - Score: 0.5878
Epoch 17 - Save Best Score: 0.5878 Model
labels: [2 7 2 3 0]
pred_labels: [5 7 2 4 2]
Epoch 18 - avg_train_loss: 1.0042  lr: 4.8179e-04  time: 61s
Epoch 18 - Score: 0.5420
labels: [2 7 2 3 0]
pred_labels: [5 4 2 4 2]
Epoch 19 - avg_train_loss: 0.9337  lr: 4.3712e-04  time: 62s
Epoch 19 - Score: 0.5573
labels: [2 7 2 3 0]
pred_labels: [5 4 2 2 2]
Epoch 20 - avg_train_loss: 0.7209  lr: 3.9299e-04  time: 61s
Epoch 20 - Score: 0.5267
labels: [2 7 2 3 0]
pred_labels: [5 7 2 2 2]
Epoch 21 - avg_train_loss: 0.8227  lr: 3.4975e-04  time: 61s
Epoch 21 - Score: 0.5802
labels: [2 7 2 3 0]
pred_labels: [5 4 2 4 2]
Epoch 22 - avg_train_loss: 0.8096  lr: 3.0775e-04  time: 61s
Epoch 22 - Score: 0.5496
labels: [2 7 2 3 0]
pred_labels: [5 7 2 2 2]
Epoch 23 - avg_train_loss: 0.6541  lr: 2.6732e-04  time: 61s
Epoch 23 - Score: 0.5802
labels: [2 7 2 3 0]
pred_labels: [5 4 2 2 2]
Epoch 24 - avg_train_loss: 0.6483  lr: 2.2880e-04  time: 61s
Epoch 24 - Score: 0.5496
labels: [2 7 2 3 0]
pred_labels: [5 4 2 4 2]
Epoch 25 - avg_train_loss: 0.6108  lr: 1.9248e-04  time: 61s
Epoch 25 - Score: 0.5420
labels: [2 7 2 3 0]
pred_labels: [5 4 2 4 2]
Epoch 26 - avg_train_loss: 0.6020  lr: 1.5867e-04  time: 61s
Epoch 26 - Score: 0.5878
labels: [2 7 2 3 0]
pred_labels: [5 4 2 4 2]
Epoch 27 - avg_train_loss: 0.5514  lr: 1.2762e-04  time: 61s
Epoch 27 - Score: 0.5725
labels: [2 7 2 3 0]
pred_labels: [5 4 2 4 2]
Epoch 28 - avg_train_loss: 0.6695  lr: 9.9584e-05  time: 61s
Epoch 28 - Score: 0.5725
labels: [2 7 2 3 0]
pred_labels: [5 4 2 4 2]
Epoch 29 - avg_train_loss: 0.6463  lr: 7.4783e-05  time: 61s
Epoch 29 - Score: 0.5725
labels: [2 7 2 3 0]
pred_labels: [5 4 2 4 2]
Epoch 30 - avg_train_loss: 0.5886  lr: 5.3404e-05  time: 61s
Epoch 30 - Score: 0.5802
labels: [2 7 2 3 0]
pred_labels: [5 2 2 4 2]
Epoch 31 - avg_train_loss: 0.0628  lr: 3.5607e-05  time: 61s
Epoch 31 - Score: 0.5878
labels: [2 7 2 3 0]
pred_labels: [5 4 2 4 2]
Epoch 32 - avg_train_loss: 0.0557  lr: 2.1508e-05  time: 61s
Epoch 32 - Score: 0.5802
labels: [2 7 2 3 0]
pred_labels: [5 4 2 4 2]
Epoch 33 - avg_train_loss: 0.0462  lr: 1.1173e-05  time: 61s
Epoch 33 - Score: 0.5954
Epoch 33 - Save Best Score: 0.5954 Model
labels: [2 7 2 3 0]
pred_labels: [5 4 2 4 2]
Epoch 34 - avg_train_loss: 0.0545  lr: 4.5796e-06  time: 61s
Epoch 34 - Score: 0.6031
Epoch 34 - Save Best Score: 0.6031 Model
labels: [2 7 2 3 0]
pred_labels: [5 4 2 4 2]
Epoch 35 - avg_train_loss: 0.0345  lr: 1.5037e-06  time: 61s
Epoch 35 - Score: 0.6031
==================== fold: 4, seed: 0 training ====================
labels: [ 8  3  6  4 10]
pred_labels: [8 5 2 9 2]
Epoch 1 - avg_train_loss: 2.5943  lr: 1.0000e-03  time: 61s
Epoch 1 - Score: 0.2077
Epoch 1 - Save Best Score: 0.2077 Model
labels: [ 8  3  6  4 10]
pred_labels: [6 6 2 9 2]
Epoch 2 - avg_train_loss: 2.3460  lr: 9.9598e-04  time: 62s
Epoch 2 - Score: 0.3154
Epoch 2 - Save Best Score: 0.3154 Model
labels: [ 8  3  6  4 10]
pred_labels: [8 4 2 6 2]
Epoch 3 - avg_train_loss: 2.1390  lr: 9.8599e-04  time: 62s
Epoch 3 - Score: 0.4077
Epoch 3 - Save Best Score: 0.4077 Model
labels: [ 8  3  6  4 10]
pred_labels: [8 3 5 7 2]
Epoch 4 - avg_train_loss: 1.9347  lr: 9.7213e-04  time: 62s
Epoch 4 - Score: 0.4462
Epoch 4 - Save Best Score: 0.4462 Model
labels: [ 8  3  6  4 10]
pred_labels: [8 3 5 2 2]
Epoch 5 - avg_train_loss: 1.6181  lr: 9.5449e-04  time: 62s
Epoch 5 - Score: 0.5769
Epoch 5 - Save Best Score: 0.5769 Model
labels: [ 8  3  6  4 10]
pred_labels: [ 8  4  5 10  2]
Epoch 6 - avg_train_loss: 1.4221  lr: 9.3324e-04  time: 62s
Epoch 6 - Score: 0.5615
labels: [ 8  3  6  4 10]
pred_labels: [8 1 0 4 3]
Epoch 7 - avg_train_loss: 1.3658  lr: 9.0853e-04  time: 62s
Epoch 7 - Score: 0.5385
labels: [ 8  3  6  4 10]
pred_labels: [8 3 5 4 2]
Epoch 8 - avg_train_loss: 1.2040  lr: 8.8057e-04  time: 62s
Epoch 8 - Score: 0.6231
Epoch 8 - Save Best Score: 0.6231 Model
labels: [ 8  3  6  4 10]
pred_labels: [ 8  3  6  4 10]
Epoch 9 - avg_train_loss: 1.1036  lr: 8.4958e-04  time: 61s
Epoch 9 - Score: 0.6000
labels: [ 8  3  6  4 10]
pred_labels: [8 4 5 0 2]
Epoch 10 - avg_train_loss: 1.1097  lr: 8.1581e-04  time: 61s
Epoch 10 - Score: 0.5692
labels: [ 8  3  6  4 10]
pred_labels: [ 8  9 12  1 10]
Epoch 11 - avg_train_loss: 0.9428  lr: 7.7953e-04  time: 61s
Epoch 11 - Score: 0.5615
labels: [ 8  3  6  4 10]
pred_labels: [ 8  3  6  4 10]
Epoch 12 - avg_train_loss: 0.9375  lr: 7.4103e-04  time: 61s
Epoch 12 - Score: 0.5923
labels: [ 8  3  6  4 10]
pred_labels: [8 3 2 1 4]
Epoch 13 - avg_train_loss: 1.0963  lr: 7.0063e-04  time: 61s
Epoch 13 - Score: 0.5769
labels: [ 8  3  6  4 10]
pred_labels: [8 3 0 4 2]
Epoch 14 - avg_train_loss: 1.0787  lr: 6.5865e-04  time: 61s
Epoch 14 - Score: 0.5846
labels: [ 8  3  6  4 10]
pred_labels: [8 4 2 4 2]
Epoch 15 - avg_train_loss: 0.9528  lr: 6.1542e-04  time: 61s
Epoch 15 - Score: 0.5923
labels: [ 8  3  6  4 10]
pred_labels: [ 8  4  6  4 10]
Epoch 16 - avg_train_loss: 0.8788  lr: 5.7130e-04  time: 61s
Epoch 16 - Score: 0.6308
Epoch 16 - Save Best Score: 0.6308 Model
labels: [ 8  3  6  4 10]
pred_labels: [ 8 11  0  1  2]
Epoch 17 - avg_train_loss: 0.7828  lr: 5.2663e-04  time: 61s
Epoch 17 - Score: 0.6231
labels: [ 8  3  6  4 10]
pred_labels: [ 8 11  6  7 10]
Epoch 18 - avg_train_loss: 0.7991  lr: 4.8179e-04  time: 61s
Epoch 18 - Score: 0.6231
labels: [ 8  3  6  4 10]
pred_labels: [ 8  0  6  2 10]
Epoch 19 - avg_train_loss: 0.7881  lr: 4.3712e-04  time: 61s
Epoch 19 - Score: 0.6462
Epoch 19 - Save Best Score: 0.6462 Model
labels: [ 8  3  6  4 10]
pred_labels: [8 3 9 2 9]
Epoch 20 - avg_train_loss: 0.8398  lr: 3.9299e-04  time: 61s
Epoch 20 - Score: 0.5692
labels: [ 8  3  6  4 10]
pred_labels: [8 0 6 2 4]
Epoch 21 - avg_train_loss: 0.6015  lr: 3.4975e-04  time: 61s
Epoch 21 - Score: 0.6231
labels: [ 8  3  6  4 10]
pred_labels: [8 0 6 1 2]
Epoch 22 - avg_train_loss: 0.7038  lr: 3.0775e-04  time: 61s
Epoch 22 - Score: 0.6385
labels: [ 8  3  6  4 10]
pred_labels: [8 3 6 2 2]
Epoch 23 - avg_train_loss: 0.7570  lr: 2.6732e-04  time: 61s
Epoch 23 - Score: 0.6538
Epoch 23 - Save Best Score: 0.6538 Model
labels: [ 8  3  6  4 10]
pred_labels: [8 1 6 2 2]
Epoch 24 - avg_train_loss: 0.7612  lr: 2.2880e-04  time: 61s
Epoch 24 - Score: 0.6385
labels: [ 8  3  6  4 10]
pred_labels: [8 3 2 4 2]
Epoch 25 - avg_train_loss: 0.8934  lr: 1.9248e-04  time: 61s
Epoch 25 - Score: 0.6692
Epoch 25 - Save Best Score: 0.6692 Model
labels: [ 8  3  6  4 10]
pred_labels: [8 3 2 2 2]
Epoch 26 - avg_train_loss: 0.6785  lr: 1.5867e-04  time: 61s
Epoch 26 - Score: 0.6308
labels: [ 8  3  6  4 10]
pred_labels: [8 3 0 1 4]
Epoch 27 - avg_train_loss: 0.6006  lr: 1.2762e-04  time: 61s
Epoch 27 - Score: 0.6231
labels: [ 8  3  6  4 10]
pred_labels: [8 3 6 4 2]
Epoch 28 - avg_train_loss: 0.6599  lr: 9.9584e-05  time: 61s
Epoch 28 - Score: 0.6615
labels: [ 8  3  6  4 10]
pred_labels: [8 1 0 1 2]
Epoch 29 - avg_train_loss: 0.5945  lr: 7.4783e-05  time: 61s
Epoch 29 - Score: 0.6462
labels: [ 8  3  6  4 10]
pred_labels: [8 1 0 4 4]
Epoch 30 - avg_train_loss: 0.6953  lr: 5.3404e-05  time: 61s
Epoch 30 - Score: 0.6462
labels: [ 8  3  6  4 10]
pred_labels: [8 1 0 2 2]
Epoch 31 - avg_train_loss: 0.0515  lr: 3.5607e-05  time: 61s
Epoch 31 - Score: 0.6385
labels: [ 8  3  6  4 10]
pred_labels: [8 1 0 4 2]
Epoch 32 - avg_train_loss: 0.0501  lr: 2.1508e-05  time: 61s
Epoch 32 - Score: 0.6462
labels: [ 8  3  6  4 10]
pred_labels: [8 3 6 4 2]
Epoch 33 - avg_train_loss: 0.0676  lr: 1.1173e-05  time: 61s
Epoch 33 - Score: 0.6692
labels: [ 8  3  6  4 10]
pred_labels: [8 3 0 4 2]
Epoch 34 - avg_train_loss: 0.0381  lr: 4.5796e-06  time: 61s
Epoch 34 - Score: 0.6538
labels: [ 8  3  6  4 10]
pred_labels: [8 1 6 2 2]
Epoch 35 - avg_train_loss: 0.0686  lr: 1.5037e-06  time: 61s
Epoch 35 - Score: 0.6462

oof score: 0.6330275229357798

==================== fold: 0, seed: 1 training ====================
labels: [ 6  2 10  0  8]
pred_labels: [2 5 2 1 5]
Epoch 1 - avg_train_loss: 2.5352  lr: 1.0000e-03  time: 62s
Epoch 1 - Score: 0.1832
Epoch 1 - Save Best Score: 0.1832 Model
labels: [ 6  2 10  0  8]
pred_labels: [2 2 2 0 5]
Epoch 2 - avg_train_loss: 2.2850  lr: 9.9598e-04  time: 62s
Epoch 2 - Score: 0.3130
Epoch 2 - Save Best Score: 0.3130 Model
labels: [ 6  2 10  0  8]
pred_labels: [6 2 4 0 2]
Epoch 3 - avg_train_loss: 2.1114  lr: 9.8599e-04  time: 62s
Epoch 3 - Score: 0.3740
Epoch 3 - Save Best Score: 0.3740 Model
labels: [ 6  2 10  0  8]
pred_labels: [6 2 2 0 8]
Epoch 4 - avg_train_loss: 1.8827  lr: 9.7213e-04  time: 62s
Epoch 4 - Score: 0.4885
Epoch 4 - Save Best Score: 0.4885 Model
labels: [ 6  2 10  0  8]
pred_labels: [7 2 2 0 8]
Epoch 5 - avg_train_loss: 1.7457  lr: 9.5449e-04  time: 62s
Epoch 5 - Score: 0.5115
Epoch 5 - Save Best Score: 0.5115 Model
labels: [ 6  2 10  0  8]
pred_labels: [6 2 4 0 8]
Epoch 6 - avg_train_loss: 1.5627  lr: 9.3324e-04  time: 62s
Epoch 6 - Score: 0.4733
labels: [ 6  2 10  0  8]
pred_labels: [ 4  2 10  0  8]
Epoch 7 - avg_train_loss: 1.3970  lr: 9.0853e-04  time: 62s
Epoch 7 - Score: 0.4885
labels: [ 6  2 10  0  8]
pred_labels: [4 2 4 0 8]
Epoch 8 - avg_train_loss: 1.2238  lr: 8.8057e-04  time: 62s
Epoch 8 - Score: 0.5649
Epoch 8 - Save Best Score: 0.5649 Model
labels: [ 6  2 10  0  8]
pred_labels: [6 2 4 0 8]
Epoch 9 - avg_train_loss: 1.2689  lr: 8.4958e-04  time: 62s
Epoch 9 - Score: 0.5496
labels: [ 6  2 10  0  8]
pred_labels: [6 2 1 0 8]
Epoch 10 - avg_train_loss: 1.1459  lr: 8.1581e-04  time: 61s
Epoch 10 - Score: 0.5115
labels: [ 6  2 10  0  8]
pred_labels: [6 2 2 0 8]
Epoch 11 - avg_train_loss: 1.0719  lr: 7.7953e-04  time: 62s
Epoch 11 - Score: 0.5802
Epoch 11 - Save Best Score: 0.5802 Model
labels: [ 6  2 10  0  8]
pred_labels: [7 2 2 0 8]
Epoch 12 - avg_train_loss: 0.9863  lr: 7.4103e-04  time: 62s
Epoch 12 - Score: 0.5344
labels: [ 6  2 10  0  8]
pred_labels: [2 2 2 0 8]
Epoch 13 - avg_train_loss: 0.9272  lr: 7.0063e-04  time: 61s
Epoch 13 - Score: 0.5802
labels: [ 6  2 10  0  8]
pred_labels: [6 2 2 0 8]
Epoch 14 - avg_train_loss: 0.9269  lr: 6.5865e-04  time: 61s
Epoch 14 - Score: 0.5725
labels: [ 6  2 10  0  8]
pred_labels: [6 2 4 0 8]
Epoch 15 - avg_train_loss: 1.0465  lr: 6.1542e-04  time: 61s
Epoch 15 - Score: 0.5573
labels: [ 6  2 10  0  8]
pred_labels: [6 2 2 0 8]
Epoch 16 - avg_train_loss: 0.8352  lr: 5.7130e-04  time: 61s
Epoch 16 - Score: 0.6031
Epoch 16 - Save Best Score: 0.6031 Model
labels: [ 6  2 10  0  8]
pred_labels: [2 2 4 0 8]
Epoch 17 - avg_train_loss: 0.9139  lr: 5.2663e-04  time: 61s
Epoch 17 - Score: 0.5496
labels: [ 6  2 10  0  8]
pred_labels: [6 2 2 0 8]
Epoch 18 - avg_train_loss: 0.9580  lr: 4.8179e-04  time: 61s
Epoch 18 - Score: 0.5725
labels: [ 6  2 10  0  8]
pred_labels: [6 2 2 0 8]
Epoch 19 - avg_train_loss: 0.5570  lr: 4.3712e-04  time: 61s
Epoch 19 - Score: 0.6260
Epoch 19 - Save Best Score: 0.6260 Model
labels: [ 6  2 10  0  8]
pred_labels: [6 2 2 0 8]
Epoch 20 - avg_train_loss: 0.7297  lr: 3.9299e-04  time: 61s
Epoch 20 - Score: 0.5954
labels: [ 6  2 10  0  8]
pred_labels: [6 2 4 0 8]
Epoch 21 - avg_train_loss: 0.7162  lr: 3.4975e-04  time: 62s
Epoch 21 - Score: 0.5878
labels: [ 6  2 10  0  8]
pred_labels: [6 2 4 0 8]
Epoch 22 - avg_train_loss: 0.6800  lr: 3.0775e-04  time: 61s
Epoch 22 - Score: 0.5954
labels: [ 6  2 10  0  8]
pred_labels: [6 2 3 0 8]
Epoch 23 - avg_train_loss: 0.7250  lr: 2.6732e-04  time: 61s
Epoch 23 - Score: 0.5649
labels: [ 6  2 10  0  8]
pred_labels: [ 6  2 10  0  8]
Epoch 24 - avg_train_loss: 0.6179  lr: 2.2880e-04  time: 61s
Epoch 24 - Score: 0.5878
labels: [ 6  2 10  0  8]
pred_labels: [ 6  2 10  0  8]
Epoch 25 - avg_train_loss: 0.6384  lr: 1.9248e-04  time: 61s
Epoch 25 - Score: 0.5496
labels: [ 6  2 10  0  8]
pred_labels: [ 6  2 10  0  8]
Epoch 26 - avg_train_loss: 0.5774  lr: 1.5867e-04  time: 61s
Epoch 26 - Score: 0.5802
labels: [ 6  2 10  0  8]
pred_labels: [ 6  2 10  0  8]
Epoch 27 - avg_train_loss: 0.6861  lr: 1.2762e-04  time: 61s
Epoch 27 - Score: 0.5954
labels: [ 6  2 10  0  8]
pred_labels: [ 6  2 10  0  8]
Epoch 28 - avg_train_loss: 0.6144  lr: 9.9584e-05  time: 61s
Epoch 28 - Score: 0.6107
labels: [ 6  2 10  0  8]
pred_labels: [6 2 3 0 8]
Epoch 29 - avg_train_loss: 0.6553  lr: 7.4783e-05  time: 61s
Epoch 29 - Score: 0.6031
labels: [ 6  2 10  0  8]
pred_labels: [ 6  2 10  0  8]
Epoch 30 - avg_train_loss: 0.5593  lr: 5.3404e-05  time: 61s
Epoch 30 - Score: 0.5954
labels: [ 6  2 10  0  8]
pred_labels: [ 6  2 10  0  8]
Epoch 31 - avg_train_loss: 0.0495  lr: 3.5607e-05  time: 61s
Epoch 31 - Score: 0.6107
labels: [ 6  2 10  0  8]
pred_labels: [ 6  2 10  0  8]
Epoch 32 - avg_train_loss: 0.0420  lr: 2.1508e-05  time: 61s
Epoch 32 - Score: 0.5954
labels: [ 6  2 10  0  8]
pred_labels: [ 6  2 10  0  8]
Epoch 33 - avg_train_loss: 0.0400  lr: 1.1173e-05  time: 61s
Epoch 33 - Score: 0.6183
labels: [ 6  2 10  0  8]
pred_labels: [ 6  2 10  0  8]
Epoch 34 - avg_train_loss: 0.0602  lr: 4.5796e-06  time: 61s
Epoch 34 - Score: 0.6183
labels: [ 6  2 10  0  8]
pred_labels: [ 6  2 10  0  8]
Epoch 35 - avg_train_loss: 0.0431  lr: 1.5037e-06  time: 61s
Epoch 35 - Score: 0.5878
==================== fold: 1, seed: 1 training ====================
labels: [12 11  2  2 11]
pred_labels: [2 6 2 2 2]
Epoch 1 - avg_train_loss: 2.5374  lr: 1.0000e-03  time: 62s
Epoch 1 - Score: 0.2137
Epoch 1 - Save Best Score: 0.2137 Model
labels: [12 11  2  2 11]
pred_labels: [9 6 2 2 2]
Epoch 2 - avg_train_loss: 2.3527  lr: 9.9598e-04  time: 62s
Epoch 2 - Score: 0.3053
Epoch 2 - Save Best Score: 0.3053 Model
labels: [12 11  2  2 11]
pred_labels: [ 9 11  2  2  9]
Epoch 3 - avg_train_loss: 2.1737  lr: 9.8599e-04  time: 62s
Epoch 3 - Score: 0.3588
Epoch 3 - Save Best Score: 0.3588 Model
labels: [12 11  2  2 11]
pred_labels: [ 9 11  0  2  9]
Epoch 4 - avg_train_loss: 1.9325  lr: 9.7213e-04  time: 62s
Epoch 4 - Score: 0.4427
Epoch 4 - Save Best Score: 0.4427 Model
labels: [12 11  2  2 11]
pred_labels: [ 0 11  0  4 11]
Epoch 5 - avg_train_loss: 1.7148  lr: 9.5449e-04  time: 62s
Epoch 5 - Score: 0.5344
Epoch 5 - Save Best Score: 0.5344 Model
labels: [12 11  2  2 11]
pred_labels: [11 11  2  3 11]
Epoch 6 - avg_train_loss: 1.5664  lr: 9.3324e-04  time: 62s
Epoch 6 - Score: 0.5649
Epoch 6 - Save Best Score: 0.5649 Model
labels: [12 11  2  2 11]
pred_labels: [11 11  0  3 11]
Epoch 7 - avg_train_loss: 1.4217  lr: 9.0853e-04  time: 62s
Epoch 7 - Score: 0.5573
labels: [12 11  2  2 11]
pred_labels: [11 11  1  2 11]
Epoch 8 - avg_train_loss: 1.3029  lr: 8.8057e-04  time: 62s
Epoch 8 - Score: 0.5191
labels: [12 11  2  2 11]
pred_labels: [ 9 11  2  4 11]
Epoch 9 - avg_train_loss: 1.1023  lr: 8.4958e-04  time: 62s
Epoch 9 - Score: 0.5725
Epoch 9 - Save Best Score: 0.5725 Model
labels: [12 11  2  2 11]
pred_labels: [11 11  1  4 11]
Epoch 10 - avg_train_loss: 1.2521  lr: 8.1581e-04  time: 62s
Epoch 10 - Score: 0.5802
Epoch 10 - Save Best Score: 0.5802 Model
labels: [12 11  2  2 11]
pred_labels: [ 9 11  6  3 11]
Epoch 11 - avg_train_loss: 1.1796  lr: 7.7953e-04  time: 62s
Epoch 11 - Score: 0.5725
labels: [12 11  2  2 11]
pred_labels: [11 11  4  3 11]
Epoch 12 - avg_train_loss: 0.9723  lr: 7.4103e-04  time: 62s
Epoch 12 - Score: 0.5878
Epoch 12 - Save Best Score: 0.5878 Model
labels: [12 11  2  2 11]
pred_labels: [ 1  6  4  3 11]
Epoch 13 - avg_train_loss: 0.9841  lr: 7.0063e-04  time: 62s
Epoch 13 - Score: 0.5267
labels: [12 11  2  2 11]
pred_labels: [ 9 11  6  3 11]
Epoch 14 - avg_train_loss: 0.9451  lr: 6.5865e-04  time: 61s
Epoch 14 - Score: 0.5725
labels: [12 11  2  2 11]
pred_labels: [ 9 11  6  4 11]
Epoch 15 - avg_train_loss: 0.8842  lr: 6.1542e-04  time: 61s
Epoch 15 - Score: 0.5649
labels: [12 11  2  2 11]
pred_labels: [ 9 11  6  4 11]
Epoch 16 - avg_train_loss: 0.9267  lr: 5.7130e-04  time: 61s
Epoch 16 - Score: 0.6183
Epoch 16 - Save Best Score: 0.6183 Model
labels: [12 11  2  2 11]
pred_labels: [ 9 11  6  4 11]
Epoch 17 - avg_train_loss: 0.7928  lr: 5.2663e-04  time: 61s
Epoch 17 - Score: 0.5954
labels: [12 11  2  2 11]
pred_labels: [ 9 11  4  3 11]
Epoch 18 - avg_train_loss: 0.8281  lr: 4.8179e-04  time: 61s
Epoch 18 - Score: 0.5954
labels: [12 11  2  2 11]
pred_labels: [ 0 11  4  3 11]
Epoch 19 - avg_train_loss: 0.7116  lr: 4.3712e-04  time: 61s
Epoch 19 - Score: 0.6107
labels: [12 11  2  2 11]
pred_labels: [ 0 11  4  3 11]
Epoch 20 - avg_train_loss: 0.6009  lr: 3.9299e-04  time: 61s
Epoch 20 - Score: 0.6031
labels: [12 11  2  2 11]
pred_labels: [11 11  4  4 11]
Epoch 21 - avg_train_loss: 0.6605  lr: 3.4975e-04  time: 61s
Epoch 21 - Score: 0.6336
Epoch 21 - Save Best Score: 0.6336 Model
labels: [12 11  2  2 11]
pred_labels: [ 9 11  0  4 11]
Epoch 22 - avg_train_loss: 0.6996  lr: 3.0775e-04  time: 61s
Epoch 22 - Score: 0.6794
Epoch 22 - Save Best Score: 0.6794 Model
labels: [12 11  2  2 11]
pred_labels: [ 9 11  0  4 11]
Epoch 23 - avg_train_loss: 0.7575  lr: 2.6732e-04  time: 61s
Epoch 23 - Score: 0.6870
Epoch 23 - Save Best Score: 0.6870 Model
labels: [12 11  2  2 11]
pred_labels: [ 9 11  4  3 11]
Epoch 24 - avg_train_loss: 0.7301  lr: 2.2880e-04  time: 61s
Epoch 24 - Score: 0.6718
labels: [12 11  2  2 11]
pred_labels: [ 9 11  4  4 11]
Epoch 25 - avg_train_loss: 0.6134  lr: 1.9248e-04  time: 61s
Epoch 25 - Score: 0.6641
labels: [12 11  2  2 11]
pred_labels: [ 9 11  3  4 11]
Epoch 26 - avg_train_loss: 0.6520  lr: 1.5867e-04  time: 61s
Epoch 26 - Score: 0.6641
labels: [12 11  2  2 11]
pred_labels: [ 9 11  2  4 11]
Epoch 27 - avg_train_loss: 0.6618  lr: 1.2762e-04  time: 61s
Epoch 27 - Score: 0.6336
labels: [12 11  2  2 11]
pred_labels: [ 9 11  3  4 11]
Epoch 28 - avg_train_loss: 0.7505  lr: 9.9584e-05  time: 61s
Epoch 28 - Score: 0.6489
labels: [12 11  2  2 11]
pred_labels: [ 9 11  4  4 11]
Epoch 29 - avg_train_loss: 0.7144  lr: 7.4783e-05  time: 61s
Epoch 29 - Score: 0.6412
labels: [12 11  2  2 11]
pred_labels: [ 9 11  6  4 11]
Epoch 30 - avg_train_loss: 0.7105  lr: 5.3404e-05  time: 61s
Epoch 30 - Score: 0.6641
labels: [12 11  2  2 11]
pred_labels: [ 9 11  4  4 11]
Epoch 31 - avg_train_loss: 0.0768  lr: 3.5607e-05  time: 61s
Epoch 31 - Score: 0.6489
labels: [12 11  2  2 11]
pred_labels: [ 9 11  3  4 11]
Epoch 32 - avg_train_loss: 0.0399  lr: 2.1508e-05  time: 61s
Epoch 32 - Score: 0.6718
labels: [12 11  2  2 11]
pred_labels: [ 9 11  6  4 11]
Epoch 33 - avg_train_loss: 0.0494  lr: 1.1173e-05  time: 61s
Epoch 33 - Score: 0.6565
labels: [12 11  2  2 11]
pred_labels: [ 9 11  4  4 11]
Epoch 34 - avg_train_loss: 0.0403  lr: 4.5796e-06  time: 61s
Epoch 34 - Score: 0.6565
labels: [12 11  2  2 11]
pred_labels: [ 9 11  6  4 11]
Epoch 35 - avg_train_loss: 0.0410  lr: 1.5037e-06  time: 61s
Epoch 35 - Score: 0.6641
==================== fold: 2, seed: 1 training ====================
labels: [8 7 4 6 2]
pred_labels: [10  2  9  9  9]
Epoch 1 - avg_train_loss: 2.5235  lr: 1.0000e-03  time: 62s
Epoch 1 - Score: 0.2443
Epoch 1 - Save Best Score: 0.2443 Model
labels: [8 7 4 6 2]
pred_labels: [2 2 9 0 9]
Epoch 2 - avg_train_loss: 2.3629  lr: 9.9598e-04  time: 62s
Epoch 2 - Score: 0.2977
Epoch 2 - Save Best Score: 0.2977 Model
labels: [8 7 4 6 2]
pred_labels: [ 6  2 11  6  5]
Epoch 3 - avg_train_loss: 2.1236  lr: 9.8599e-04  time: 62s
Epoch 3 - Score: 0.4122
Epoch 3 - Save Best Score: 0.4122 Model
labels: [8 7 4 6 2]
pred_labels: [8 7 3 3 6]
Epoch 4 - avg_train_loss: 1.9354  lr: 9.7213e-04  time: 62s
Epoch 4 - Score: 0.4733
Epoch 4 - Save Best Score: 0.4733 Model
labels: [8 7 4 6 2]
pred_labels: [8 4 4 5 5]
Epoch 5 - avg_train_loss: 1.7063  lr: 9.5449e-04  time: 62s
Epoch 5 - Score: 0.5038
Epoch 5 - Save Best Score: 0.5038 Model
labels: [8 7 4 6 2]
pred_labels: [8 7 4 5 6]
Epoch 6 - avg_train_loss: 1.6307  lr: 9.3324e-04  time: 62s
Epoch 6 - Score: 0.5344
Epoch 6 - Save Best Score: 0.5344 Model
labels: [8 7 4 6 2]
pred_labels: [ 8  4  1 11  5]
Epoch 7 - avg_train_loss: 1.4669  lr: 9.0853e-04  time: 62s
Epoch 7 - Score: 0.5496
Epoch 7 - Save Best Score: 0.5496 Model
labels: [8 7 4 6 2]
pred_labels: [8 7 4 1 5]
Epoch 8 - avg_train_loss: 1.2476  lr: 8.8057e-04  time: 62s
Epoch 8 - Score: 0.5725
Epoch 8 - Save Best Score: 0.5725 Model
labels: [8 7 4 6 2]
pred_labels: [8 7 1 6 5]
Epoch 9 - avg_train_loss: 1.1047  lr: 8.4958e-04  time: 62s
Epoch 9 - Score: 0.5725
labels: [8 7 4 6 2]
pred_labels: [8 7 2 1 5]
Epoch 10 - avg_train_loss: 1.0757  lr: 8.1581e-04  time: 62s
Epoch 10 - Score: 0.5420
labels: [8 7 4 6 2]
pred_labels: [8 7 3 1 6]
Epoch 11 - avg_train_loss: 1.0520  lr: 7.7953e-04  time: 61s
Epoch 11 - Score: 0.5191
labels: [8 7 4 6 2]
pred_labels: [8 4 3 5 5]
Epoch 12 - avg_train_loss: 1.0532  lr: 7.4103e-04  time: 62s
Epoch 12 - Score: 0.5954
Epoch 12 - Save Best Score: 0.5954 Model
labels: [8 7 4 6 2]
pred_labels: [8 7 9 3 5]
Epoch 13 - avg_train_loss: 1.0525  lr: 7.0063e-04  time: 61s
Epoch 13 - Score: 0.5115
labels: [8 7 4 6 2]
pred_labels: [8 7 3 3 6]
Epoch 14 - avg_train_loss: 1.0235  lr: 6.5865e-04  time: 61s
Epoch 14 - Score: 0.6260
Epoch 14 - Save Best Score: 0.6260 Model
labels: [8 7 4 6 2]
pred_labels: [8 7 1 0 5]
Epoch 15 - avg_train_loss: 0.8905  lr: 6.1542e-04  time: 62s
Epoch 15 - Score: 0.5725
labels: [8 7 4 6 2]
pred_labels: [6 7 1 1 5]
Epoch 16 - avg_train_loss: 0.9599  lr: 5.7130e-04  time: 61s
Epoch 16 - Score: 0.4885
labels: [8 7 4 6 2]
pred_labels: [8 7 0 3 5]
Epoch 17 - avg_train_loss: 1.0304  lr: 5.2663e-04  time: 61s
Epoch 17 - Score: 0.6718
Epoch 17 - Save Best Score: 0.6718 Model
labels: [8 7 4 6 2]
pred_labels: [8 7 1 3 5]
Epoch 18 - avg_train_loss: 0.8102  lr: 4.8179e-04  time: 61s
Epoch 18 - Score: 0.6107
labels: [8 7 4 6 2]
pred_labels: [8 7 9 3 5]
Epoch 19 - avg_train_loss: 0.6459  lr: 4.3712e-04  time: 61s
Epoch 19 - Score: 0.6641
labels: [8 7 4 6 2]
pred_labels: [8 7 9 0 5]
Epoch 20 - avg_train_loss: 0.7374  lr: 3.9299e-04  time: 61s
Epoch 20 - Score: 0.6336
labels: [8 7 4 6 2]
pred_labels: [8 7 9 3 5]
Epoch 21 - avg_train_loss: 0.6410  lr: 3.4975e-04  time: 61s
Epoch 21 - Score: 0.6412
labels: [8 7 4 6 2]
pred_labels: [8 7 9 3 5]
Epoch 22 - avg_train_loss: 0.7214  lr: 3.0775e-04  time: 61s
Epoch 22 - Score: 0.6412
labels: [8 7 4 6 2]
pred_labels: [8 7 9 3 5]
Epoch 23 - avg_train_loss: 0.6766  lr: 2.6732e-04  time: 61s
Epoch 23 - Score: 0.6565
labels: [8 7 4 6 2]
pred_labels: [8 7 3 0 5]
Epoch 24 - avg_train_loss: 0.6585  lr: 2.2880e-04  time: 61s
Epoch 24 - Score: 0.6183
labels: [8 7 4 6 2]
pred_labels: [8 7 3 0 5]
Epoch 25 - avg_train_loss: 0.6649  lr: 1.9248e-04  time: 61s
Epoch 25 - Score: 0.6412
labels: [8 7 4 6 2]
pred_labels: [8 7 3 0 5]
Epoch 26 - avg_train_loss: 0.5954  lr: 1.5867e-04  time: 61s
Epoch 26 - Score: 0.6336
labels: [8 7 4 6 2]
pred_labels: [8 7 3 0 5]
Epoch 27 - avg_train_loss: 0.5987  lr: 1.2762e-04  time: 61s
Epoch 27 - Score: 0.6183
labels: [8 7 4 6 2]
pred_labels: [8 7 3 0 5]
Epoch 28 - avg_train_loss: 0.6298  lr: 9.9584e-05  time: 61s
Epoch 28 - Score: 0.6412
labels: [8 7 4 6 2]
pred_labels: [8 7 9 0 5]
Epoch 29 - avg_train_loss: 0.7090  lr: 7.4783e-05  time: 61s
Epoch 29 - Score: 0.6336
labels: [8 7 4 6 2]
pred_labels: [8 7 9 0 5]
Epoch 30 - avg_train_loss: 0.6422  lr: 5.3404e-05  time: 61s
Epoch 30 - Score: 0.6336
labels: [8 7 4 6 2]
pred_labels: [8 7 3 0 5]
Epoch 31 - avg_train_loss: 0.0559  lr: 3.5607e-05  time: 61s
Epoch 31 - Score: 0.6260
labels: [8 7 4 6 2]
pred_labels: [8 7 2 0 5]
Epoch 32 - avg_train_loss: 0.0527  lr: 2.1508e-05  time: 61s
Epoch 32 - Score: 0.6183
labels: [8 7 4 6 2]
pred_labels: [8 7 3 0 5]
Epoch 33 - avg_train_loss: 0.0424  lr: 1.1173e-05  time: 61s
Epoch 33 - Score: 0.6260
labels: [8 7 4 6 2]
pred_labels: [8 7 3 0 5]
Epoch 34 - avg_train_loss: 0.0439  lr: 4.5796e-06  time: 61s
Epoch 34 - Score: 0.6412
labels: [8 7 4 6 2]
pred_labels: [8 7 9 0 5]
Epoch 35 - avg_train_loss: 0.0388  lr: 1.5037e-06  time: 61s
Epoch 35 - Score: 0.6412
==================== fold: 3, seed: 1 training ====================
labels: [ 5  2  0  6 11]
pred_labels: [6 3 2 2 1]
Epoch 1 - avg_train_loss: 2.5870  lr: 1.0000e-03  time: 62s
Epoch 1 - Score: 0.1679
Epoch 1 - Save Best Score: 0.1679 Model
labels: [ 5  2  0  6 11]
pred_labels: [6 9 2 2 1]
Epoch 2 - avg_train_loss: 2.3631  lr: 9.9598e-04  time: 62s
Epoch 2 - Score: 0.3359
Epoch 2 - Save Best Score: 0.3359 Model
labels: [ 5  2  0  6 11]
pred_labels: [6 5 2 2 9]
Epoch 3 - avg_train_loss: 2.1857  lr: 9.8599e-04  time: 62s
Epoch 3 - Score: 0.3282
labels: [ 5  2  0  6 11]
pred_labels: [5 5 2 2 8]
Epoch 4 - avg_train_loss: 1.9939  lr: 9.7213e-04  time: 62s
Epoch 4 - Score: 0.4504
Epoch 4 - Save Best Score: 0.4504 Model
labels: [ 5  2  0  6 11]
pred_labels: [ 5  5  0  6 10]
Epoch 5 - avg_train_loss: 1.7550  lr: 9.5449e-04  time: 62s
Epoch 5 - Score: 0.5267
Epoch 5 - Save Best Score: 0.5267 Model
labels: [ 5  2  0  6 11]
pred_labels: [ 3  5  2  2 11]
Epoch 6 - avg_train_loss: 1.5323  lr: 9.3324e-04  time: 62s
Epoch 6 - Score: 0.5420
Epoch 6 - Save Best Score: 0.5420 Model
labels: [ 5  2  0  6 11]
pred_labels: [ 5  5  7  0 10]
Epoch 7 - avg_train_loss: 1.4672  lr: 9.0853e-04  time: 62s
Epoch 7 - Score: 0.5344
labels: [ 5  2  0  6 11]
pred_labels: [ 5  5  6  2 11]
Epoch 8 - avg_train_loss: 1.2708  lr: 8.8057e-04  time: 62s
Epoch 8 - Score: 0.5725
Epoch 8 - Save Best Score: 0.5725 Model
labels: [ 5  2  0  6 11]
pred_labels: [ 5  5  0  2 10]
Epoch 9 - avg_train_loss: 1.3465  lr: 8.4958e-04  time: 62s
Epoch 9 - Score: 0.5878
Epoch 9 - Save Best Score: 0.5878 Model
labels: [ 5  2  0  6 11]
pred_labels: [11  5  0  6 11]
Epoch 10 - avg_train_loss: 1.0807  lr: 8.1581e-04  time: 62s
Epoch 10 - Score: 0.5344
labels: [ 5  2  0  6 11]
pred_labels: [ 5  5  0  2 10]
Epoch 11 - avg_train_loss: 1.0157  lr: 7.7953e-04  time: 62s
Epoch 11 - Score: 0.5802
labels: [ 5  2  0  6 11]
pred_labels: [ 5 10  0  9 10]
Epoch 12 - avg_train_loss: 1.0362  lr: 7.4103e-04  time: 62s
Epoch 12 - Score: 0.5573
labels: [ 5  2  0  6 11]
pred_labels: [ 5  5  0  0 10]
Epoch 13 - avg_train_loss: 0.9448  lr: 7.0063e-04  time: 62s
Epoch 13 - Score: 0.6031
Epoch 13 - Save Best Score: 0.6031 Model
labels: [ 5  2  0  6 11]
pred_labels: [ 4  5  0  6 11]
Epoch 14 - avg_train_loss: 0.8840  lr: 6.5865e-04  time: 62s
Epoch 14 - Score: 0.6031
labels: [ 5  2  0  6 11]
pred_labels: [5 5 0 6 8]
Epoch 15 - avg_train_loss: 0.8224  lr: 6.1542e-04  time: 61s
Epoch 15 - Score: 0.5344
labels: [ 5  2  0  6 11]
pred_labels: [ 5  5  2  2 10]
Epoch 16 - avg_train_loss: 0.9404  lr: 5.7130e-04  time: 62s
Epoch 16 - Score: 0.5496
labels: [ 5  2  0  6 11]
pred_labels: [5 5 0 0 6]
Epoch 17 - avg_train_loss: 0.8715  lr: 5.2663e-04  time: 61s
Epoch 17 - Score: 0.5878
labels: [ 5  2  0  6 11]
pred_labels: [ 5  5  0  5 11]
Epoch 18 - avg_train_loss: 0.6377  lr: 4.8179e-04  time: 61s
Epoch 18 - Score: 0.5573
labels: [ 5  2  0  6 11]
pred_labels: [ 5  5  1  2 10]
Epoch 19 - avg_train_loss: 0.8012  lr: 4.3712e-04  time: 61s
Epoch 19 - Score: 0.5878
labels: [ 5  2  0  6 11]
pred_labels: [11  5  0  2  8]
Epoch 20 - avg_train_loss: 0.8253  lr: 3.9299e-04  time: 61s
Epoch 20 - Score: 0.6031
labels: [ 5  2  0  6 11]
pred_labels: [5 5 0 5 8]
Epoch 21 - avg_train_loss: 0.8254  lr: 3.4975e-04  time: 61s
Epoch 21 - Score: 0.6565
Epoch 21 - Save Best Score: 0.6565 Model
labels: [ 5  2  0  6 11]
pred_labels: [5 5 0 2 8]
Epoch 22 - avg_train_loss: 0.7891  lr: 3.0775e-04  time: 61s
Epoch 22 - Score: 0.5802
labels: [ 5  2  0  6 11]
pred_labels: [5 5 0 2 8]
Epoch 23 - avg_train_loss: 0.8106  lr: 2.6732e-04  time: 61s
Epoch 23 - Score: 0.6260
labels: [ 5  2  0  6 11]
pred_labels: [5 5 2 2 8]
Epoch 24 - avg_train_loss: 0.7948  lr: 2.2880e-04  time: 61s
Epoch 24 - Score: 0.6107
labels: [ 5  2  0  6 11]
pred_labels: [11  9 11  2  8]
Epoch 25 - avg_train_loss: 0.7798  lr: 1.9248e-04  time: 61s
Epoch 25 - Score: 0.5954
labels: [ 5  2  0  6 11]
pred_labels: [11  5  0  2  8]
Epoch 26 - avg_train_loss: 0.6714  lr: 1.5867e-04  time: 61s
Epoch 26 - Score: 0.6107
labels: [ 5  2  0  6 11]
pred_labels: [11  9  0  2 11]
Epoch 27 - avg_train_loss: 0.7079  lr: 1.2762e-04  time: 61s
Epoch 27 - Score: 0.6107
labels: [ 5  2  0  6 11]
pred_labels: [11  5  0  2  8]
Epoch 28 - avg_train_loss: 0.5407  lr: 9.9584e-05  time: 61s
Epoch 28 - Score: 0.6107
labels: [ 5  2  0  6 11]
pred_labels: [11  5  0  2  8]
Epoch 29 - avg_train_loss: 0.6836  lr: 7.4783e-05  time: 61s
Epoch 29 - Score: 0.6107
labels: [ 5  2  0  6 11]
pred_labels: [11  5  0  2  8]
Epoch 30 - avg_train_loss: 0.5222  lr: 5.3404e-05  time: 61s
Epoch 30 - Score: 0.6260
labels: [ 5  2  0  6 11]
pred_labels: [11  5  0  2  8]
Epoch 31 - avg_train_loss: 0.0781  lr: 3.5607e-05  time: 61s
Epoch 31 - Score: 0.6489
labels: [ 5  2  0  6 11]
pred_labels: [11  5  0  2  8]
Epoch 32 - avg_train_loss: 0.0561  lr: 2.1508e-05  time: 61s
Epoch 32 - Score: 0.6107
labels: [ 5  2  0  6 11]
pred_labels: [11  5  0  2  8]
Epoch 33 - avg_train_loss: 0.0381  lr: 1.1173e-05  time: 61s
Epoch 33 - Score: 0.6107
labels: [ 5  2  0  6 11]
pred_labels: [11  5  0  2  8]
Epoch 34 - avg_train_loss: 0.0385  lr: 4.5796e-06  time: 61s
Epoch 34 - Score: 0.6336
labels: [ 5  2  0  6 11]
pred_labels: [11  5  0  2 11]
Epoch 35 - avg_train_loss: 0.0377  lr: 1.5037e-06  time: 61s
Epoch 35 - Score: 0.6336
==================== fold: 4, seed: 1 training ====================
labels: [11  4  3 12  3]
pred_labels: [2 2 2 2 5]
Epoch 1 - avg_train_loss: 2.5263  lr: 1.0000e-03  time: 62s
Epoch 1 - Score: 0.2231
Epoch 1 - Save Best Score: 0.2231 Model
labels: [11  4  3 12  3]
pred_labels: [2 2 2 0 0]
Epoch 2 - avg_train_loss: 2.3470  lr: 9.9598e-04  time: 62s
Epoch 2 - Score: 0.3000
Epoch 2 - Save Best Score: 0.3000 Model
labels: [11  4  3 12  3]
pred_labels: [2 0 0 9 0]
Epoch 3 - avg_train_loss: 2.1869  lr: 9.8599e-04  time: 62s
Epoch 3 - Score: 0.4000
Epoch 3 - Save Best Score: 0.4000 Model
labels: [11  4  3 12  3]
pred_labels: [12  0  4  2  0]
Epoch 4 - avg_train_loss: 1.9334  lr: 9.7213e-04  time: 62s
Epoch 4 - Score: 0.4615
Epoch 4 - Save Best Score: 0.4615 Model
labels: [11  4  3 12  3]
pred_labels: [12  0  4  0  0]
Epoch 5 - avg_train_loss: 1.7012  lr: 9.5449e-04  time: 62s
Epoch 5 - Score: 0.4846
Epoch 5 - Save Best Score: 0.4846 Model
labels: [11  4  3 12  3]
pred_labels: [12  4  4  8  6]
Epoch 6 - avg_train_loss: 1.5492  lr: 9.3324e-04  time: 62s
Epoch 6 - Score: 0.4923
Epoch 6 - Save Best Score: 0.4923 Model
labels: [11  4  3 12  3]
pred_labels: [12  6  4 12  1]
Epoch 7 - avg_train_loss: 1.4502  lr: 9.0853e-04  time: 62s
Epoch 7 - Score: 0.4692
labels: [11  4  3 12  3]
pred_labels: [11  4  3  8  3]
Epoch 8 - avg_train_loss: 1.1890  lr: 8.8057e-04  time: 62s
Epoch 8 - Score: 0.5385
Epoch 8 - Save Best Score: 0.5385 Model
labels: [11  4  3 12  3]
pred_labels: [11  4  3 12  1]
Epoch 9 - avg_train_loss: 1.1816  lr: 8.4958e-04  time: 62s
Epoch 9 - Score: 0.5769
Epoch 9 - Save Best Score: 0.5769 Model
labels: [11  4  3 12  3]
pred_labels: [12  4  3 12  1]
Epoch 10 - avg_train_loss: 1.3109  lr: 8.1581e-04  time: 62s
Epoch 10 - Score: 0.5231
labels: [11  4  3 12  3]
pred_labels: [11  4  3  8  1]
Epoch 11 - avg_train_loss: 0.9057  lr: 7.7953e-04  time: 62s
Epoch 11 - Score: 0.5538
labels: [11  4  3 12  3]
pred_labels: [11  4  4 12  9]
Epoch 12 - avg_train_loss: 1.0172  lr: 7.4103e-04  time: 62s
Epoch 12 - Score: 0.5462
labels: [11  4  3 12  3]
pred_labels: [11  4  3 12  1]
Epoch 13 - avg_train_loss: 0.7531  lr: 7.0063e-04  time: 62s
Epoch 13 - Score: 0.6000
Epoch 13 - Save Best Score: 0.6000 Model
labels: [11  4  3 12  3]
pred_labels: [ 6  5  3 12  1]
Epoch 14 - avg_train_loss: 0.8900  lr: 6.5865e-04  time: 62s
Epoch 14 - Score: 0.5308
labels: [11  4  3 12  3]
pred_labels: [ 2  5  3 12  5]
Epoch 15 - avg_train_loss: 0.9188  lr: 6.1542e-04  time: 62s
Epoch 15 - Score: 0.5308
labels: [11  4  3 12  3]
pred_labels: [ 2  5  3 12  9]
Epoch 16 - avg_train_loss: 0.8839  lr: 5.7130e-04  time: 61s
Epoch 16 - Score: 0.5923
labels: [11  4  3 12  3]
pred_labels: [2 5 3 8 5]
Epoch 17 - avg_train_loss: 0.8983  lr: 5.2663e-04  time: 61s
Epoch 17 - Score: 0.5000
labels: [11  4  3 12  3]
pred_labels: [11  4  2 12  4]
Epoch 18 - avg_train_loss: 0.8430  lr: 4.8179e-04  time: 62s
Epoch 18 - Score: 0.5077
labels: [11  4  3 12  3]
pred_labels: [ 5  4  4 12  4]
Epoch 19 - avg_train_loss: 0.8253  lr: 4.3712e-04  time: 62s
Epoch 19 - Score: 0.5615
labels: [11  4  3 12  3]
pred_labels: [ 6  4  4 12  6]
Epoch 20 - avg_train_loss: 0.8303  lr: 3.9299e-04  time: 62s
Epoch 20 - Score: 0.5385
labels: [11  4  3 12  3]
pred_labels: [11  4  4  9  5]
Epoch 21 - avg_train_loss: 0.7773  lr: 3.4975e-04  time: 61s
Epoch 21 - Score: 0.6000
labels: [11  4  3 12  3]
pred_labels: [12  4  4 12  4]
Epoch 22 - avg_train_loss: 0.6958  lr: 3.0775e-04  time: 61s
Epoch 22 - Score: 0.5846
labels: [11  4  3 12  3]
pred_labels: [12  4  4  9  4]
Epoch 23 - avg_train_loss: 0.6876  lr: 2.6732e-04  time: 61s
Epoch 23 - Score: 0.5692
labels: [11  4  3 12  3]
pred_labels: [11  2  3 12  1]
Epoch 24 - avg_train_loss: 0.8235  lr: 2.2880e-04  time: 61s
Epoch 24 - Score: 0.6000
labels: [11  4  3 12  3]
pred_labels: [12  5  4 12  4]
Epoch 25 - avg_train_loss: 0.7172  lr: 1.9248e-04  time: 61s
Epoch 25 - Score: 0.5615
labels: [11  4  3 12  3]
pred_labels: [12  5  3 12  1]
Epoch 26 - avg_train_loss: 0.6284  lr: 1.5867e-04  time: 61s
Epoch 26 - Score: 0.5769
labels: [11  4  3 12  3]
pred_labels: [12  4  3 12  1]
Epoch 27 - avg_train_loss: 0.6829  lr: 1.2762e-04  time: 61s
Epoch 27 - Score: 0.5846
labels: [11  4  3 12  3]
pred_labels: [11  5  3 12  1]
Epoch 28 - avg_train_loss: 0.7737  lr: 9.9584e-05  time: 61s
Epoch 28 - Score: 0.5923
labels: [11  4  3 12  3]
pred_labels: [11  4  3 12  1]
Epoch 29 - avg_train_loss: 0.6386  lr: 7.4783e-05  time: 61s
Epoch 29 - Score: 0.6077
Epoch 29 - Save Best Score: 0.6077 Model
labels: [11  4  3 12  3]
pred_labels: [11  4  3 12  5]
Epoch 30 - avg_train_loss: 0.7182  lr: 5.3404e-05  time: 61s
Epoch 30 - Score: 0.6077
labels: [11  4  3 12  3]
pred_labels: [11  5  3 12  1]
Epoch 31 - avg_train_loss: 0.0492  lr: 3.5607e-05  time: 61s
Epoch 31 - Score: 0.5846
labels: [11  4  3 12  3]
pred_labels: [11  4  3 12  1]
Epoch 32 - avg_train_loss: 0.0464  lr: 2.1508e-05  time: 61s
Epoch 32 - Score: 0.6231
Epoch 32 - Save Best Score: 0.6231 Model
labels: [11  4  3 12  3]
pred_labels: [11  5  3 12  1]
Epoch 33 - avg_train_loss: 0.0585  lr: 1.1173e-05  time: 61s
Epoch 33 - Score: 0.6231
labels: [11  4  3 12  3]
pred_labels: [11  4  3 12  1]
Epoch 34 - avg_train_loss: 0.0320  lr: 4.5796e-06  time: 61s
Epoch 34 - Score: 0.6077
labels: [11  4  3 12  3]
pred_labels: [11  4  3 12  1]
Epoch 35 - avg_train_loss: 0.0483  lr: 1.5037e-06  time: 61s
Epoch 35 - Score: 0.6231

oof score: 0.6529051987767585

==================== fold: 0, seed: 2 training ====================
labels: [ 6  4  0  3 12]
pred_labels: [ 2 10  0  0  2]
Epoch 1 - avg_train_loss: 2.5859  lr: 1.0000e-03  time: 62s
Epoch 1 - Score: 0.1756
Epoch 1 - Save Best Score: 0.1756 Model
labels: [ 6  4  0  3 12]
pred_labels: [2 2 2 0 2]
Epoch 2 - avg_train_loss: 2.3294  lr: 9.9598e-04  time: 62s
Epoch 2 - Score: 0.3130
Epoch 2 - Save Best Score: 0.3130 Model
labels: [ 6  4  0  3 12]
pred_labels: [6 2 5 0 2]
Epoch 3 - avg_train_loss: 2.1290  lr: 9.8599e-04  time: 62s
Epoch 3 - Score: 0.3740
Epoch 3 - Save Best Score: 0.3740 Model
labels: [ 6  4  0  3 12]
pred_labels: [6 4 0 0 2]
Epoch 4 - avg_train_loss: 1.9834  lr: 9.7213e-04  time: 62s
Epoch 4 - Score: 0.4198
Epoch 4 - Save Best Score: 0.4198 Model
labels: [ 6  4  0  3 12]
pred_labels: [ 2  4  0  7 12]
Epoch 5 - avg_train_loss: 1.7146  lr: 9.5449e-04  time: 62s
Epoch 5 - Score: 0.5038
Epoch 5 - Save Best Score: 0.5038 Model
labels: [ 6  4  0  3 12]
pred_labels: [ 7  4  0  7 12]
Epoch 6 - avg_train_loss: 1.4242  lr: 9.3324e-04  time: 62s
Epoch 6 - Score: 0.5420
Epoch 6 - Save Best Score: 0.5420 Model
labels: [ 6  4  0  3 12]
pred_labels: [ 4  4  0  3 12]
Epoch 7 - avg_train_loss: 1.3113  lr: 9.0853e-04  time: 62s
Epoch 7 - Score: 0.4504
labels: [ 6  4  0  3 12]
pred_labels: [ 6  4  6  3 12]
Epoch 8 - avg_train_loss: 1.4216  lr: 8.8057e-04  time: 62s
Epoch 8 - Score: 0.5420
labels: [ 6  4  0  3 12]
pred_labels: [ 0  4  0  3 12]
Epoch 9 - avg_train_loss: 1.2090  lr: 8.4958e-04  time: 62s
Epoch 9 - Score: 0.5573
Epoch 9 - Save Best Score: 0.5573 Model
labels: [ 6  4  0  3 12]
pred_labels: [ 6  4  0  2 12]
Epoch 10 - avg_train_loss: 1.0703  lr: 8.1581e-04  time: 62s
Epoch 10 - Score: 0.5649
Epoch 10 - Save Best Score: 0.5649 Model
labels: [ 6  4  0  3 12]
pred_labels: [ 0  4  0  3 12]
Epoch 11 - avg_train_loss: 1.2309  lr: 7.7953e-04  time: 62s
Epoch 11 - Score: 0.6260
Epoch 11 - Save Best Score: 0.6260 Model
labels: [ 6  4  0  3 12]
pred_labels: [6 4 0 3 2]
Epoch 12 - avg_train_loss: 0.9981  lr: 7.4103e-04  time: 62s
Epoch 12 - Score: 0.5267
labels: [ 6  4  0  3 12]
pred_labels: [ 6  4  0  3 12]
Epoch 13 - avg_train_loss: 0.9619  lr: 7.0063e-04  time: 62s
Epoch 13 - Score: 0.5954
labels: [ 6  4  0  3 12]
pred_labels: [ 2  4  0  3 12]
Epoch 14 - avg_train_loss: 0.9048  lr: 6.5865e-04  time: 62s
Epoch 14 - Score: 0.5802
labels: [ 6  4  0  3 12]
pred_labels: [ 6  4  0  3 12]
Epoch 15 - avg_train_loss: 1.1416  lr: 6.1542e-04  time: 61s
Epoch 15 - Score: 0.5649
labels: [ 6  4  0  3 12]
pred_labels: [ 6  4  0  3 12]
Epoch 16 - avg_train_loss: 0.9252  lr: 5.7130e-04  time: 61s
Epoch 16 - Score: 0.6107
labels: [ 6  4  0  3 12]
pred_labels: [ 2  9  0  3 12]
Epoch 17 - avg_train_loss: 0.8636  lr: 5.2663e-04  time: 61s
Epoch 17 - Score: 0.5725
labels: [ 6  4  0  3 12]
pred_labels: [ 6  4  0  3 12]
Epoch 18 - avg_train_loss: 0.9532  lr: 4.8179e-04  time: 61s
Epoch 18 - Score: 0.6031
labels: [ 6  4  0  3 12]
pred_labels: [ 6  4  0  3 12]
Epoch 19 - avg_train_loss: 0.8929  lr: 4.3712e-04  time: 61s
Epoch 19 - Score: 0.6107
labels: [ 6  4  0  3 12]
pred_labels: [ 6  4  0  3 12]
Epoch 20 - avg_train_loss: 0.7619  lr: 3.9299e-04  time: 61s
Epoch 20 - Score: 0.5573
labels: [ 6  4  0  3 12]
pred_labels: [ 6  4  0  3 12]
Epoch 21 - avg_train_loss: 0.8460  lr: 3.4975e-04  time: 61s
Epoch 21 - Score: 0.5954
labels: [ 6  4  0  3 12]
pred_labels: [ 6  4  0  3 12]
Epoch 22 - avg_train_loss: 0.8328  lr: 3.0775e-04  time: 61s
Epoch 22 - Score: 0.6107
labels: [ 6  4  0  3 12]
pred_labels: [ 6  4  0  3 12]
Epoch 23 - avg_train_loss: 0.6932  lr: 2.6732e-04  time: 61s
Epoch 23 - Score: 0.6031
labels: [ 6  4  0  3 12]
pred_labels: [ 6  4  0  3 12]
Epoch 24 - avg_train_loss: 0.6670  lr: 2.2880e-04  time: 61s
Epoch 24 - Score: 0.5878
labels: [ 6  4  0  3 12]
pred_labels: [ 6  4  0  3 12]
Epoch 25 - avg_train_loss: 0.7040  lr: 1.9248e-04  time: 61s
Epoch 25 - Score: 0.5954
labels: [ 6  4  0  3 12]
pred_labels: [ 2  4  0  3 12]
Epoch 26 - avg_train_loss: 0.8062  lr: 1.5867e-04  time: 61s
Epoch 26 - Score: 0.5649
labels: [ 6  4  0  3 12]
pred_labels: [ 6  4  0  3 12]
Epoch 27 - avg_train_loss: 0.6533  lr: 1.2762e-04  time: 61s
Epoch 27 - Score: 0.5802
labels: [ 6  4  0  3 12]
pred_labels: [ 6  4  0  3 12]
Epoch 28 - avg_train_loss: 0.6766  lr: 9.9584e-05  time: 61s
Epoch 28 - Score: 0.6107
labels: [ 6  4  0  3 12]
pred_labels: [ 6  4  0  3 12]
Epoch 29 - avg_train_loss: 0.5913  lr: 7.4783e-05  time: 61s
Epoch 29 - Score: 0.6183
labels: [ 6  4  0  3 12]
pred_labels: [ 6  4  0  3 12]
Epoch 30 - avg_train_loss: 0.6759  lr: 5.3404e-05  time: 61s
Epoch 30 - Score: 0.6183
labels: [ 6  4  0  3 12]
pred_labels: [ 6  4  0  3 12]
Epoch 31 - avg_train_loss: 0.0739  lr: 3.5607e-05  time: 61s
Epoch 31 - Score: 0.6183
labels: [ 6  4  0  3 12]
pred_labels: [ 6  4  0  3 12]
Epoch 32 - avg_train_loss: 0.0513  lr: 2.1508e-05  time: 61s
Epoch 32 - Score: 0.6183
labels: [ 6  4  0  3 12]
pred_labels: [ 6  4  0  3 12]
Epoch 33 - avg_train_loss: 0.0513  lr: 1.1173e-05  time: 61s
Epoch 33 - Score: 0.6183
labels: [ 6  4  0  3 12]
pred_labels: [ 6  4  0  3 12]
Epoch 34 - avg_train_loss: 0.0395  lr: 4.5796e-06  time: 61s
Epoch 34 - Score: 0.6107
labels: [ 6  4  0  3 12]
pred_labels: [ 6  4  0  3 12]
Epoch 35 - avg_train_loss: 0.0481  lr: 1.5037e-06  time: 61s
Epoch 35 - Score: 0.6183
==================== fold: 1, seed: 2 training ====================
labels: [ 2  4  2  2 12]
pred_labels: [2 0 9 2 0]
Epoch 1 - avg_train_loss: 2.5628  lr: 1.0000e-03  time: 62s
Epoch 1 - Score: 0.2595
Epoch 1 - Save Best Score: 0.2595 Model
labels: [ 2  4  2  2 12]
pred_labels: [2 0 9 2 9]
Epoch 2 - avg_train_loss: 2.3758  lr: 9.9598e-04  time: 62s
Epoch 2 - Score: 0.3130
Epoch 2 - Save Best Score: 0.3130 Model
labels: [ 2  4  2  2 12]
pred_labels: [2 0 5 2 9]
Epoch 3 - avg_train_loss: 2.2016  lr: 9.8599e-04  time: 62s
Epoch 3 - Score: 0.4351
Epoch 3 - Save Best Score: 0.4351 Model
labels: [ 2  4  2  2 12]
pred_labels: [ 2  0  9  2 11]
Epoch 4 - avg_train_loss: 1.9784  lr: 9.7213e-04  time: 62s
Epoch 4 - Score: 0.5649
Epoch 4 - Save Best Score: 0.5649 Model
labels: [ 2  4  2  2 12]
pred_labels: [ 2  0  2  2 11]
Epoch 5 - avg_train_loss: 1.7088  lr: 9.5449e-04  time: 62s
Epoch 5 - Score: 0.6031
Epoch 5 - Save Best Score: 0.6031 Model
labels: [ 2  4  2  2 12]
pred_labels: [2 2 5 2 2]
Epoch 6 - avg_train_loss: 1.4788  lr: 9.3324e-04  time: 62s
Epoch 6 - Score: 0.6183
Epoch 6 - Save Best Score: 0.6183 Model
labels: [ 2  4  2  2 12]
pred_labels: [2 2 5 2 1]
Epoch 7 - avg_train_loss: 1.3941  lr: 9.0853e-04  time: 62s
Epoch 7 - Score: 0.5649
labels: [ 2  4  2  2 12]
pred_labels: [2 2 1 2 2]
Epoch 8 - avg_train_loss: 1.2899  lr: 8.8057e-04  time: 62s
Epoch 8 - Score: 0.5802
labels: [ 2  4  2  2 12]
pred_labels: [2 0 5 2 9]
Epoch 9 - avg_train_loss: 1.3154  lr: 8.4958e-04  time: 62s
Epoch 9 - Score: 0.6412
Epoch 9 - Save Best Score: 0.6412 Model
labels: [ 2  4  2  2 12]
pred_labels: [2 2 1 2 9]
Epoch 10 - avg_train_loss: 1.2176  lr: 8.1581e-04  time: 62s
Epoch 10 - Score: 0.5420
labels: [ 2  4  2  2 12]
pred_labels: [2 4 5 2 9]
Epoch 11 - avg_train_loss: 1.1004  lr: 7.7953e-04  time: 62s
Epoch 11 - Score: 0.6107
labels: [ 2  4  2  2 12]
pred_labels: [2 0 1 2 1]
Epoch 12 - avg_train_loss: 0.9859  lr: 7.4103e-04  time: 62s
Epoch 12 - Score: 0.6107
labels: [ 2  4  2  2 12]
pred_labels: [2 2 5 2 9]
Epoch 13 - avg_train_loss: 0.9136  lr: 7.0063e-04  time: 62s
Epoch 13 - Score: 0.5802
labels: [ 2  4  2  2 12]
pred_labels: [2 2 6 2 9]
Epoch 14 - avg_train_loss: 1.0169  lr: 6.5865e-04  time: 62s
Epoch 14 - Score: 0.6107
labels: [ 2  4  2  2 12]
pred_labels: [2 2 1 2 9]
Epoch 15 - avg_train_loss: 0.9840  lr: 6.1542e-04  time: 62s
Epoch 15 - Score: 0.5878
labels: [ 2  4  2  2 12]
pred_labels: [2 4 5 2 4]
Epoch 16 - avg_train_loss: 0.9293  lr: 5.7130e-04  time: 62s
Epoch 16 - Score: 0.6183
labels: [ 2  4  2  2 12]
pred_labels: [ 2  2  5  2 12]
Epoch 17 - avg_train_loss: 0.9002  lr: 5.2663e-04  time: 62s
Epoch 17 - Score: 0.6336
labels: [ 2  4  2  2 12]
pred_labels: [ 2  4  1  2 12]
Epoch 18 - avg_train_loss: 0.8739  lr: 4.8179e-04  time: 61s
Epoch 18 - Score: 0.6641
Epoch 18 - Save Best Score: 0.6641 Model
labels: [ 2  4  2  2 12]
pred_labels: [ 2  3  1  2 11]
Epoch 19 - avg_train_loss: 0.7145  lr: 4.3712e-04  time: 62s
Epoch 19 - Score: 0.6260
labels: [ 2  4  2  2 12]
pred_labels: [ 2  2  1  2 12]
Epoch 20 - avg_train_loss: 0.7030  lr: 3.9299e-04  time: 61s
Epoch 20 - Score: 0.6107
labels: [ 2  4  2  2 12]
pred_labels: [2 2 9 2 9]
Epoch 21 - avg_train_loss: 0.7930  lr: 3.4975e-04  time: 61s
Epoch 21 - Score: 0.6260
labels: [ 2  4  2  2 12]
pred_labels: [2 2 1 2 9]
Epoch 22 - avg_train_loss: 0.7712  lr: 3.0775e-04  time: 61s
Epoch 22 - Score: 0.5954
labels: [ 2  4  2  2 12]
pred_labels: [2 3 1 2 9]
Epoch 23 - avg_train_loss: 0.7818  lr: 2.6732e-04  time: 61s
Epoch 23 - Score: 0.6031
labels: [ 2  4  2  2 12]
pred_labels: [2 3 1 2 9]
Epoch 24 - avg_train_loss: 0.6224  lr: 2.2880e-04  time: 61s
Epoch 24 - Score: 0.6183
labels: [ 2  4  2  2 12]
pred_labels: [2 4 1 2 9]
Epoch 25 - avg_train_loss: 0.5981  lr: 1.9248e-04  time: 61s
Epoch 25 - Score: 0.6718
Epoch 25 - Save Best Score: 0.6718 Model
labels: [ 2  4  2  2 12]
pred_labels: [2 4 1 2 9]
Epoch 26 - avg_train_loss: 0.6010  lr: 1.5867e-04  time: 62s
Epoch 26 - Score: 0.6565
labels: [ 2  4  2  2 12]
pred_labels: [2 4 1 2 9]
Epoch 27 - avg_train_loss: 0.6951  lr: 1.2762e-04  time: 61s
Epoch 27 - Score: 0.6641
labels: [ 2  4  2  2 12]
pred_labels: [2 4 1 2 9]
Epoch 28 - avg_train_loss: 0.5632  lr: 9.9584e-05  time: 61s
Epoch 28 - Score: 0.6565
labels: [ 2  4  2  2 12]
pred_labels: [2 3 1 2 9]
Epoch 29 - avg_train_loss: 0.6623  lr: 7.4783e-05  time: 61s
Epoch 29 - Score: 0.6718
labels: [ 2  4  2  2 12]
pred_labels: [2 2 1 2 9]
Epoch 30 - avg_train_loss: 0.5400  lr: 5.3404e-05  time: 61s
Epoch 30 - Score: 0.6412
labels: [ 2  4  2  2 12]
pred_labels: [2 4 1 2 9]
Epoch 31 - avg_train_loss: 0.0450  lr: 3.5607e-05  time: 61s
Epoch 31 - Score: 0.6489
labels: [ 2  4  2  2 12]
pred_labels: [2 2 1 2 9]
Epoch 32 - avg_train_loss: 0.0593  lr: 2.1508e-05  time: 61s
Epoch 32 - Score: 0.6489
labels: [ 2  4  2  2 12]
pred_labels: [2 2 1 2 9]
Epoch 33 - avg_train_loss: 0.0478  lr: 1.1173e-05  time: 61s
Epoch 33 - Score: 0.6489
labels: [ 2  4  2  2 12]
pred_labels: [2 2 1 2 2]
Epoch 34 - avg_train_loss: 0.0419  lr: 4.5796e-06  time: 61s
Epoch 34 - Score: 0.6336
labels: [ 2  4  2  2 12]
pred_labels: [2 4 1 2 9]
Epoch 35 - avg_train_loss: 0.0431  lr: 1.5037e-06  time: 61s
Epoch 35 - Score: 0.6641
==================== fold: 2, seed: 2 training ====================
labels: [11  2  3  7  6]
pred_labels: [3 3 3 2 0]
Epoch 1 - avg_train_loss: 2.5501  lr: 1.0000e-03  time: 62s
Epoch 1 - Score: 0.2290
Epoch 1 - Save Best Score: 0.2290 Model
labels: [11  2  3  7  6]
pred_labels: [2 2 6 2 6]
Epoch 2 - avg_train_loss: 2.3494  lr: 9.9598e-04  time: 62s
Epoch 2 - Score: 0.2977
Epoch 2 - Save Best Score: 0.2977 Model
labels: [11  2  3  7  6]
pred_labels: [2 2 0 2 0]
Epoch 3 - avg_train_loss: 2.2001  lr: 9.8599e-04  time: 62s
Epoch 3 - Score: 0.3817
Epoch 3 - Save Best Score: 0.3817 Model
labels: [11  2  3  7  6]
pred_labels: [5 2 0 4 0]
Epoch 4 - avg_train_loss: 1.9974  lr: 9.7213e-04  time: 62s
Epoch 4 - Score: 0.4351
Epoch 4 - Save Best Score: 0.4351 Model
labels: [11  2  3  7  6]
pred_labels: [12  2 11  4  0]
Epoch 5 - avg_train_loss: 1.7100  lr: 9.5449e-04  time: 62s
Epoch 5 - Score: 0.4962
Epoch 5 - Save Best Score: 0.4962 Model
labels: [11  2  3  7  6]
pred_labels: [11  2  9  3  0]
Epoch 6 - avg_train_loss: 1.5736  lr: 9.3324e-04  time: 62s
Epoch 6 - Score: 0.4809
labels: [11  2  3  7  6]
pred_labels: [11  2  3  4  6]
Epoch 7 - avg_train_loss: 1.3300  lr: 9.0853e-04  time: 62s
Epoch 7 - Score: 0.5344
Epoch 7 - Save Best Score: 0.5344 Model
labels: [11  2  3  7  6]
pred_labels: [11  2  1  4  1]
Epoch 8 - avg_train_loss: 1.3067  lr: 8.8057e-04  time: 62s
Epoch 8 - Score: 0.5649
Epoch 8 - Save Best Score: 0.5649 Model
labels: [11  2  3  7  6]
pred_labels: [11  2  9  4 11]
Epoch 9 - avg_train_loss: 1.0639  lr: 8.4958e-04  time: 62s
Epoch 9 - Score: 0.5649
labels: [11  2  3  7  6]
pred_labels: [12  2  3  3  6]
Epoch 10 - avg_train_loss: 0.9743  lr: 8.1581e-04  time: 62s
Epoch 10 - Score: 0.5420
labels: [11  2  3  7  6]
pred_labels: [12  2  3  4  6]
Epoch 11 - avg_train_loss: 1.1993  lr: 7.7953e-04  time: 62s
Epoch 11 - Score: 0.5954
Epoch 11 - Save Best Score: 0.5954 Model
labels: [11  2  3  7  6]
pred_labels: [11  2  3  3  6]
Epoch 12 - avg_train_loss: 0.8760  lr: 7.4103e-04  time: 62s
Epoch 12 - Score: 0.5649
labels: [11  2  3  7  6]
pred_labels: [11  2  9  4  1]
Epoch 13 - avg_train_loss: 1.0740  lr: 7.0063e-04  time: 62s
Epoch 13 - Score: 0.5573
labels: [11  2  3  7  6]
pred_labels: [11  2  3  4  6]
Epoch 14 - avg_train_loss: 0.8718  lr: 6.5865e-04  time: 61s
Epoch 14 - Score: 0.6107
Epoch 14 - Save Best Score: 0.6107 Model
labels: [11  2  3  7  6]
pred_labels: [11  2  3  4  1]
Epoch 15 - avg_train_loss: 0.8989  lr: 6.1542e-04  time: 62s
Epoch 15 - Score: 0.5802
labels: [11  2  3  7  6]
pred_labels: [11  2  3  4  1]
Epoch 16 - avg_train_loss: 0.9428  lr: 5.7130e-04  time: 61s
Epoch 16 - Score: 0.5573
labels: [11  2  3  7  6]
pred_labels: [12  2  3  4  1]
Epoch 17 - avg_train_loss: 0.8708  lr: 5.2663e-04  time: 61s
Epoch 17 - Score: 0.5802
labels: [11  2  3  7  6]
pred_labels: [12  2  3  3  6]
Epoch 18 - avg_train_loss: 0.9178  lr: 4.8179e-04  time: 61s
Epoch 18 - Score: 0.5725
labels: [11  2  3  7  6]
pred_labels: [11  2  3  4  1]
Epoch 19 - avg_train_loss: 0.7024  lr: 4.3712e-04  time: 61s
Epoch 19 - Score: 0.6183
Epoch 19 - Save Best Score: 0.6183 Model
labels: [11  2  3  7  6]
pred_labels: [11  2  9  7  1]
Epoch 20 - avg_train_loss: 0.7255  lr: 3.9299e-04  time: 61s
Epoch 20 - Score: 0.6031
labels: [11  2  3  7  6]
pred_labels: [11  2  9  4  1]
Epoch 21 - avg_train_loss: 0.5685  lr: 3.4975e-04  time: 61s
Epoch 21 - Score: 0.5573
labels: [11  2  3  7  6]
pred_labels: [11  2  4  4  1]
Epoch 22 - avg_train_loss: 0.7197  lr: 3.0775e-04  time: 61s
Epoch 22 - Score: 0.5573
labels: [11  2  3  7  6]
pred_labels: [11  2  3  7  3]
Epoch 23 - avg_train_loss: 0.7045  lr: 2.6732e-04  time: 61s
Epoch 23 - Score: 0.5954
labels: [11  2  3  7  6]
pred_labels: [11  2  3  7  1]
Epoch 24 - avg_train_loss: 0.7470  lr: 2.2880e-04  time: 61s
Epoch 24 - Score: 0.6183
labels: [11  2  3  7  6]
pred_labels: [11  2  1  7  0]
Epoch 25 - avg_train_loss: 0.5945  lr: 1.9248e-04  time: 61s
Epoch 25 - Score: 0.6260
Epoch 25 - Save Best Score: 0.6260 Model
labels: [11  2  3  7  6]
pred_labels: [11  2  3  3  1]
Epoch 26 - avg_train_loss: 0.7024  lr: 1.5867e-04  time: 61s
Epoch 26 - Score: 0.5954
labels: [11  2  3  7  6]
pred_labels: [11  2  1  4  1]
Epoch 27 - avg_train_loss: 0.6670  lr: 1.2762e-04  time: 61s
Epoch 27 - Score: 0.6260
labels: [11  2  3  7  6]
pred_labels: [11  2  3  7  1]
Epoch 28 - avg_train_loss: 0.5500  lr: 9.9584e-05  time: 61s
Epoch 28 - Score: 0.6183
labels: [11  2  3  7  6]
pred_labels: [11  2  1  4  1]
Epoch 29 - avg_train_loss: 0.7136  lr: 7.4783e-05  time: 61s
Epoch 29 - Score: 0.5878
labels: [11  2  3  7  6]
pred_labels: [11  2  1  7  1]
Epoch 30 - avg_train_loss: 0.7159  lr: 5.3404e-05  time: 61s
Epoch 30 - Score: 0.5878
labels: [11  2  3  7  6]
pred_labels: [11  2  3  4  1]
Epoch 31 - avg_train_loss: 0.0672  lr: 3.5607e-05  time: 61s
Epoch 31 - Score: 0.6107
labels: [11  2  3  7  6]
pred_labels: [11  2  4  4  1]
Epoch 32 - avg_train_loss: 0.0484  lr: 2.1508e-05  time: 61s
Epoch 32 - Score: 0.6107
labels: [11  2  3  7  6]
pred_labels: [11  2  4  4  1]
Epoch 33 - avg_train_loss: 0.0358  lr: 1.1173e-05  time: 61s
Epoch 33 - Score: 0.6183
labels: [11  2  3  7  6]
pred_labels: [11  2  3  7  1]
Epoch 34 - avg_train_loss: 0.0438  lr: 4.5796e-06  time: 61s
Epoch 34 - Score: 0.6183
labels: [11  2  3  7  6]
pred_labels: [11  2  3  4  1]
Epoch 35 - avg_train_loss: 0.0416  lr: 1.5037e-06  time: 61s
Epoch 35 - Score: 0.6107
==================== fold: 3, seed: 2 training ====================
labels: [ 5  2 11 10  8]
pred_labels: [6 0 7 2 2]
Epoch 1 - avg_train_loss: 2.5645  lr: 1.0000e-03  time: 62s
Epoch 1 - Score: 0.2519
Epoch 1 - Save Best Score: 0.2519 Model
labels: [ 5  2 11 10  8]
pred_labels: [5 4 1 2 2]
Epoch 2 - avg_train_loss: 2.3359  lr: 9.9598e-04  time: 62s
Epoch 2 - Score: 0.3282
Epoch 2 - Save Best Score: 0.3282 Model
labels: [ 5  2 11 10  8]
pred_labels: [ 5  5 11  2  2]
Epoch 3 - avg_train_loss: 2.0941  lr: 9.8599e-04  time: 62s
Epoch 3 - Score: 0.3893
Epoch 3 - Save Best Score: 0.3893 Model
labels: [ 5  2 11 10  8]
pred_labels: [ 5  5 11  3  8]
Epoch 4 - avg_train_loss: 1.9063  lr: 9.7213e-04  time: 62s
Epoch 4 - Score: 0.4275
Epoch 4 - Save Best Score: 0.4275 Model
labels: [ 5  2 11 10  8]
pred_labels: [ 6  5 10  2  8]
Epoch 5 - avg_train_loss: 1.6388  lr: 9.5449e-04  time: 62s
Epoch 5 - Score: 0.5267
Epoch 5 - Save Best Score: 0.5267 Model
labels: [ 5  2 11 10  8]
pred_labels: [ 5  5 11 10  8]
Epoch 6 - avg_train_loss: 1.4629  lr: 9.3324e-04  time: 62s
Epoch 6 - Score: 0.4962
labels: [ 5  2 11 10  8]
pred_labels: [ 5  5 11 10  8]
Epoch 7 - avg_train_loss: 1.3466  lr: 9.0853e-04  time: 62s
Epoch 7 - Score: 0.5191
labels: [ 5  2 11 10  8]
pred_labels: [ 5  5 11  2  8]
Epoch 8 - avg_train_loss: 1.3411  lr: 8.8057e-04  time: 62s
Epoch 8 - Score: 0.5725
Epoch 8 - Save Best Score: 0.5725 Model
labels: [ 5  2 11 10  8]
pred_labels: [2 5 1 2 8]
Epoch 9 - avg_train_loss: 1.2635  lr: 8.4958e-04  time: 62s
Epoch 9 - Score: 0.4580
labels: [ 5  2 11 10  8]
pred_labels: [ 5  5 10  4  8]
Epoch 10 - avg_train_loss: 1.0239  lr: 8.1581e-04  time: 62s
Epoch 10 - Score: 0.5267
labels: [ 5  2 11 10  8]
pred_labels: [ 5  5 11 10  8]
Epoch 11 - avg_train_loss: 1.0767  lr: 7.7953e-04  time: 62s
Epoch 11 - Score: 0.5725
labels: [ 5  2 11 10  8]
pred_labels: [ 1  5 11 10  8]
Epoch 12 - avg_train_loss: 1.0035  lr: 7.4103e-04  time: 62s
Epoch 12 - Score: 0.5496
labels: [ 5  2 11 10  8]
pred_labels: [ 5  2 11 10  8]
Epoch 13 - avg_train_loss: 0.8427  lr: 7.0063e-04  time: 62s
Epoch 13 - Score: 0.5649
labels: [ 5  2 11 10  8]
pred_labels: [ 5  5  8 10  8]
Epoch 14 - avg_train_loss: 0.9241  lr: 6.5865e-04  time: 62s
Epoch 14 - Score: 0.6031
Epoch 14 - Save Best Score: 0.6031 Model
labels: [ 5  2 11 10  8]
pred_labels: [ 2  5 11 10  8]
Epoch 15 - avg_train_loss: 1.0645  lr: 6.1542e-04  time: 62s
Epoch 15 - Score: 0.5725
labels: [ 5  2 11 10  8]
pred_labels: [11  5 11 10  8]
Epoch 16 - avg_train_loss: 0.8850  lr: 5.7130e-04  time: 62s
Epoch 16 - Score: 0.5725
labels: [ 5  2 11 10  8]
pred_labels: [11  5 11 10  8]
Epoch 17 - avg_train_loss: 0.9691  lr: 5.2663e-04  time: 62s
Epoch 17 - Score: 0.5954
labels: [ 5  2 11 10  8]
pred_labels: [11  5 11 10  8]
Epoch 18 - avg_train_loss: 0.7904  lr: 4.8179e-04  time: 61s
Epoch 18 - Score: 0.5725
labels: [ 5  2 11 10  8]
pred_labels: [ 5  5 11 10  8]
Epoch 19 - avg_train_loss: 0.8434  lr: 4.3712e-04  time: 62s
Epoch 19 - Score: 0.6107
Epoch 19 - Save Best Score: 0.6107 Model
labels: [ 5  2 11 10  8]
pred_labels: [11  5 11 10  8]
Epoch 20 - avg_train_loss: 0.6879  lr: 3.9299e-04  time: 61s
Epoch 20 - Score: 0.5649
labels: [ 5  2 11 10  8]
pred_labels: [11  5 11  3  8]
Epoch 21 - avg_train_loss: 0.7445  lr: 3.4975e-04  time: 61s
Epoch 21 - Score: 0.5725
labels: [ 5  2 11 10  8]
pred_labels: [11  5 11  2  8]
Epoch 22 - avg_train_loss: 0.7920  lr: 3.0775e-04  time: 61s
Epoch 22 - Score: 0.6183
Epoch 22 - Save Best Score: 0.6183 Model
labels: [ 5  2 11 10  8]
pred_labels: [ 5  5 11  2  8]
Epoch 23 - avg_train_loss: 0.6524  lr: 2.6732e-04  time: 61s
Epoch 23 - Score: 0.5802
labels: [ 5  2 11 10  8]
pred_labels: [11  5 11  2  8]
Epoch 24 - avg_train_loss: 0.6432  lr: 2.2880e-04  time: 61s
Epoch 24 - Score: 0.5954
labels: [ 5  2 11 10  8]
pred_labels: [ 5  5 11  4  8]
Epoch 25 - avg_train_loss: 0.6512  lr: 1.9248e-04  time: 61s
Epoch 25 - Score: 0.5802
labels: [ 5  2 11 10  8]
pred_labels: [11  5 11 10  8]
Epoch 26 - avg_train_loss: 0.6964  lr: 1.5867e-04  time: 61s
Epoch 26 - Score: 0.5649
labels: [ 5  2 11 10  8]
pred_labels: [ 5  5 11  2  8]
Epoch 27 - avg_train_loss: 0.7649  lr: 1.2762e-04  time: 61s
Epoch 27 - Score: 0.5649
labels: [ 5  2 11 10  8]
pred_labels: [ 5  5 11  2  8]
Epoch 28 - avg_train_loss: 0.5951  lr: 9.9584e-05  time: 61s
Epoch 28 - Score: 0.5802
labels: [ 5  2 11 10  8]
pred_labels: [ 5  5 11 10  8]
Epoch 29 - avg_train_loss: 0.7546  lr: 7.4783e-05  time: 61s
Epoch 29 - Score: 0.5878
labels: [ 5  2 11 10  8]
pred_labels: [11  5 11  2  8]
Epoch 30 - avg_train_loss: 0.6445  lr: 5.3404e-05  time: 61s
Epoch 30 - Score: 0.5802
labels: [ 5  2 11 10  8]
pred_labels: [ 5  5 11  2  8]
Epoch 31 - avg_train_loss: 0.0474  lr: 3.5607e-05  time: 61s
Epoch 31 - Score: 0.5802
labels: [ 5  2 11 10  8]
pred_labels: [11  5 11 10  8]
Epoch 32 - avg_train_loss: 0.0523  lr: 2.1508e-05  time: 61s
Epoch 32 - Score: 0.5649
labels: [ 5  2 11 10  8]
pred_labels: [11  5 11 10  8]
Epoch 33 - avg_train_loss: 0.0320  lr: 1.1173e-05  time: 61s
Epoch 33 - Score: 0.5878
labels: [ 5  2 11 10  8]
pred_labels: [11  5 11 10  8]
Epoch 34 - avg_train_loss: 0.0445  lr: 4.5796e-06  time: 61s
Epoch 34 - Score: 0.6107
labels: [ 5  2 11 10  8]
pred_labels: [11  5 11 10  8]
Epoch 35 - avg_train_loss: 0.0344  lr: 1.5037e-06  time: 61s
Epoch 35 - Score: 0.5878
==================== fold: 4, seed: 2 training ====================
labels: [8 6 2 3 6]
pred_labels: [2 2 2 2 2]
Epoch 1 - avg_train_loss: 2.5034  lr: 1.0000e-03  time: 62s
Epoch 1 - Score: 0.2308
Epoch 1 - Save Best Score: 0.2308 Model
labels: [8 6 2 3 6]
pred_labels: [2 2 2 2 2]
Epoch 2 - avg_train_loss: 2.3160  lr: 9.9598e-04  time: 62s
Epoch 2 - Score: 0.2923
Epoch 2 - Save Best Score: 0.2923 Model
labels: [8 6 2 3 6]
pred_labels: [6 0 5 4 2]
Epoch 3 - avg_train_loss: 2.1277  lr: 9.8599e-04  time: 62s
Epoch 3 - Score: 0.3615
Epoch 3 - Save Best Score: 0.3615 Model
labels: [8 6 2 3 6]
pred_labels: [8 5 2 4 4]
Epoch 4 - avg_train_loss: 1.8911  lr: 9.7213e-04  time: 62s
Epoch 4 - Score: 0.4615
Epoch 4 - Save Best Score: 0.4615 Model
labels: [8 6 2 3 6]
pred_labels: [8 0 2 4 2]
Epoch 5 - avg_train_loss: 1.5340  lr: 9.5449e-04  time: 62s
Epoch 5 - Score: 0.4692
Epoch 5 - Save Best Score: 0.4692 Model
labels: [8 6 2 3 6]
pred_labels: [8 5 2 4 2]
Epoch 6 - avg_train_loss: 1.4981  lr: 9.3324e-04  time: 62s
Epoch 6 - Score: 0.5308
Epoch 6 - Save Best Score: 0.5308 Model
labels: [8 6 2 3 6]
pred_labels: [8 0 2 6 2]
Epoch 7 - avg_train_loss: 1.3659  lr: 9.0853e-04  time: 62s
Epoch 7 - Score: 0.4923
labels: [8 6 2 3 6]
pred_labels: [8 5 2 1 2]
Epoch 8 - avg_train_loss: 1.2956  lr: 8.8057e-04  time: 62s
Epoch 8 - Score: 0.5385
Epoch 8 - Save Best Score: 0.5385 Model
labels: [8 6 2 3 6]
pred_labels: [8 5 2 4 2]
Epoch 9 - avg_train_loss: 1.2919  lr: 8.4958e-04  time: 62s
Epoch 9 - Score: 0.5538
Epoch 9 - Save Best Score: 0.5538 Model
labels: [8 6 2 3 6]
pred_labels: [8 9 2 4 2]
Epoch 10 - avg_train_loss: 1.1947  lr: 8.1581e-04  time: 62s
Epoch 10 - Score: 0.5692
Epoch 10 - Save Best Score: 0.5692 Model
labels: [8 6 2 3 6]
pred_labels: [8 6 2 4 2]
Epoch 11 - avg_train_loss: 1.0274  lr: 7.7953e-04  time: 62s
Epoch 11 - Score: 0.5692
labels: [8 6 2 3 6]
pred_labels: [8 6 5 4 2]
Epoch 12 - avg_train_loss: 1.0101  lr: 7.4103e-04  time: 62s
Epoch 12 - Score: 0.5385
labels: [8 6 2 3 6]
pred_labels: [8 5 2 4 2]
Epoch 13 - avg_train_loss: 0.9362  lr: 7.0063e-04  time: 62s
Epoch 13 - Score: 0.5769
Epoch 13 - Save Best Score: 0.5769 Model
labels: [8 6 2 3 6]
pred_labels: [8 0 2 4 2]
Epoch 14 - avg_train_loss: 0.8015  lr: 6.5865e-04  time: 61s
Epoch 14 - Score: 0.5692
labels: [8 6 2 3 6]
pred_labels: [8 5 5 1 2]
Epoch 15 - avg_train_loss: 1.0260  lr: 6.1542e-04  time: 61s
Epoch 15 - Score: 0.6154
Epoch 15 - Save Best Score: 0.6154 Model
labels: [8 6 2 3 6]
pred_labels: [8 5 5 4 2]
Epoch 16 - avg_train_loss: 0.7678  lr: 5.7130e-04  time: 61s
Epoch 16 - Score: 0.6000
labels: [8 6 2 3 6]
pred_labels: [8 6 6 4 2]
Epoch 17 - avg_train_loss: 1.0067  lr: 5.2663e-04  time: 61s
Epoch 17 - Score: 0.4923
labels: [8 6 2 3 6]
pred_labels: [8 6 2 4 2]
Epoch 18 - avg_train_loss: 0.8336  lr: 4.8179e-04  time: 61s
Epoch 18 - Score: 0.6000
labels: [8 6 2 3 6]
pred_labels: [8 5 5 4 2]
Epoch 19 - avg_train_loss: 0.9836  lr: 4.3712e-04  time: 61s
Epoch 19 - Score: 0.6000
labels: [8 6 2 3 6]
pred_labels: [8 5 5 4 2]
Epoch 20 - avg_train_loss: 0.8193  lr: 3.9299e-04  time: 61s
Epoch 20 - Score: 0.5692
labels: [8 6 2 3 6]
pred_labels: [8 5 2 4 2]
Epoch 21 - avg_train_loss: 0.7307  lr: 3.4975e-04  time: 61s
Epoch 21 - Score: 0.6077
labels: [8 6 2 3 6]
pred_labels: [8 5 5 2 2]
Epoch 22 - avg_train_loss: 0.7756  lr: 3.0775e-04  time: 61s
Epoch 22 - Score: 0.6077
labels: [8 6 2 3 6]
pred_labels: [8 6 5 4 2]
Epoch 23 - avg_train_loss: 0.6591  lr: 2.6732e-04  time: 61s
Epoch 23 - Score: 0.6462
Epoch 23 - Save Best Score: 0.6462 Model
labels: [8 6 2 3 6]
pred_labels: [8 6 2 4 2]
Epoch 24 - avg_train_loss: 0.7666  lr: 2.2880e-04  time: 61s
Epoch 24 - Score: 0.6615
Epoch 24 - Save Best Score: 0.6615 Model
labels: [8 6 2 3 6]
pred_labels: [8 6 5 4 2]
Epoch 25 - avg_train_loss: 0.7315  lr: 1.9248e-04  time: 61s
Epoch 25 - Score: 0.5769
labels: [8 6 2 3 6]
pred_labels: [8 5 5 4 2]
Epoch 26 - avg_train_loss: 0.7922  lr: 1.5867e-04  time: 61s
Epoch 26 - Score: 0.5923
labels: [8 6 2 3 6]
pred_labels: [8 6 5 4 2]
Epoch 27 - avg_train_loss: 0.6662  lr: 1.2762e-04  time: 61s
Epoch 27 - Score: 0.6000
labels: [8 6 2 3 6]
pred_labels: [8 5 5 4 2]
Epoch 28 - avg_train_loss: 0.5174  lr: 9.9584e-05  time: 61s
Epoch 28 - Score: 0.6154
labels: [8 6 2 3 6]
pred_labels: [8 5 5 4 2]
Epoch 29 - avg_train_loss: 0.6863  lr: 7.4783e-05  time: 61s
Epoch 29 - Score: 0.6077
labels: [8 6 2 3 6]
pred_labels: [8 6 2 4 2]
Epoch 30 - avg_train_loss: 0.7404  lr: 5.3404e-05  time: 61s
Epoch 30 - Score: 0.6231
labels: [8 6 2 3 6]
pred_labels: [8 5 2 4 2]
Epoch 31 - avg_train_loss: 0.0575  lr: 3.5607e-05  time: 61s
Epoch 31 - Score: 0.6308
labels: [8 6 2 3 6]
pred_labels: [8 6 2 4 2]
Epoch 32 - avg_train_loss: 0.0688  lr: 2.1508e-05  time: 61s
Epoch 32 - Score: 0.6308
labels: [8 6 2 3 6]
pred_labels: [8 6 5 4 2]
Epoch 33 - avg_train_loss: 0.0516  lr: 1.1173e-05  time: 61s
Epoch 33 - Score: 0.6308
labels: [8 6 2 3 6]
pred_labels: [8 6 2 4 2]
Epoch 34 - avg_train_loss: 0.0469  lr: 4.5796e-06  time: 61s
Epoch 34 - Score: 0.6308
labels: [8 6 2 3 6]
pred_labels: [8 6 5 4 2]
Epoch 35 - avg_train_loss: 0.0454  lr: 1.5037e-06  time: 61s
Epoch 35 - Score: 0.6231

oof score: 0.6406727828746177

